1 most common:

    EXPLAIN ANALYZE SELECT "Id" FROM "Images"
                    WHERE EXISTS (SELECT "TagsName" FROM "ImageTag" WHERE "ImagesId" = "Images"."Id" AND "TagsName" = 'tag1')
                    ORDER BY "Id"
                    OFFSET @page * 20
                        LIMIT 20;

    Page 1:

        Limit  (cost=4.68..21.34 rows=20 width=8) (actual time=0.036..0.064 rows=20 loops=1)
        ->  Merge Join  (cost=4.68..5117356.15 rows=6142568 width=8) (actual time=0.036..0.062 rows=20 loops=1)
        "        Merge Cond: (""Images"".""Id"" = ""ImageTag"".""ImagesId"")"
        "        ->  Index Only Scan using ""PK_Images"" on ""Images""  (cost=0.43..264739.96 rows=10197035 width=8) (actual time=0.016..0.028 rows=31 loops=1)"
                    Heap Fetches: 0
        "        ->  Index Only Scan using ""PK_ImageTag"" on ""ImageTag""  (cost=0.57..4750692.21 rows=6142568 width=8) (actual time=0.018..0.029 rows=20 loops=1)"
        "              Index Cond: (""TagsName"" = 'tag1'::text)"
                    Heap Fetches: 0
        Planning Time: 0.256 ms
        Execution Time: 0.100 ms

        Limit  (cost=4.68..21.34 rows=20 width=8) (actual time=0.036..0.063 rows=20 loops=1)
        ->  Merge Join  (cost=4.68..5117356.15 rows=6142568 width=8) (actual time=0.035..0.061 rows=20 loops=1)
        "        Merge Cond: (""Images"".""Id"" = ""ImageTag"".""ImagesId"")"
        "        ->  Index Only Scan using ""PK_Images"" on ""Images""  (cost=0.43..264739.96 rows=10197035 width=8) (actual time=0.015..0.027 rows=31 loops=1)"
                    Heap Fetches: 0
        "        ->  Index Only Scan using ""PK_ImageTag"" on ""ImageTag""  (cost=0.57..4750692.21 rows=6142568 width=8) (actual time=0.018..0.029 rows=20 loops=1)"
        "              Index Cond: (""TagsName"" = 'tag1'::text)"
                    Heap Fetches: 0
        Planning Time: 0.267 ms
        Execution Time: 0.098 ms

        Limit  (cost=4.68..21.34 rows=20 width=8) (actual time=0.036..0.063 rows=20 loops=1)
        ->  Merge Join  (cost=4.68..5117356.15 rows=6142568 width=8) (actual time=0.036..0.062 rows=20 loops=1)
        "        Merge Cond: (""Images"".""Id"" = ""ImageTag"".""ImagesId"")"
        "        ->  Index Only Scan using ""PK_Images"" on ""Images""  (cost=0.43..264739.96 rows=10197035 width=8) (actual time=0.016..0.028 rows=31 loops=1)"
                    Heap Fetches: 0
        "        ->  Index Only Scan using ""PK_ImageTag"" on ""ImageTag""  (cost=0.57..4750692.21 rows=6142568 width=8) (actual time=0.018..0.029 rows=20 loops=1)"
        "              Index Cond: (""TagsName"" = 'tag1'::text)"
                    Heap Fetches: 0
        Planning Time: 0.289 ms
        Execution Time: 0.098 ms

        Limit  (cost=4.68..21.34 rows=20 width=8) (actual time=0.038..0.066 rows=20 loops=1)
        ->  Merge Join  (cost=4.68..5117356.15 rows=6142568 width=8) (actual time=0.038..0.063 rows=20 loops=1)
        "        Merge Cond: (""Images"".""Id"" = ""ImageTag"".""ImagesId"")"
        "        ->  Index Only Scan using ""PK_Images"" on ""Images""  (cost=0.43..264739.96 rows=10197035 width=8) (actual time=0.017..0.029 rows=31 loops=1)"
                    Heap Fetches: 0
        "        ->  Index Only Scan using ""PK_ImageTag"" on ""ImageTag""  (cost=0.57..4750692.21 rows=6142568 width=8) (actual time=0.019..0.030 rows=20 loops=1)"
        "              Index Cond: (""TagsName"" = 'tag1'::text)"
                    Heap Fetches: 0
        Planning Time: 0.276 ms
        Execution Time: 0.101 ms

        Limit  (cost=4.68..21.34 rows=20 width=8) (actual time=0.051..0.087 rows=20 loops=1)
        ->  Merge Join  (cost=4.68..5117356.15 rows=6142568 width=8) (actual time=0.050..0.085 rows=20 loops=1)
        "        Merge Cond: (""Images"".""Id"" = ""ImageTag"".""ImagesId"")"
        "        ->  Index Only Scan using ""PK_Images"" on ""Images""  (cost=0.43..264739.96 rows=10197035 width=8) (actual time=0.022..0.037 rows=31 loops=1)"
                    Heap Fetches: 0
        "        ->  Index Only Scan using ""PK_ImageTag"" on ""ImageTag""  (cost=0.57..4750692.21 rows=6142568 width=8) (actual time=0.026..0.041 rows=20 loops=1)"
        "              Index Cond: (""TagsName"" = 'tag1'::text)"
                    Heap Fetches: 0
        Planning Time: 0.334 ms
        Execution Time: 0.126 ms

    Page 100:

        Limit  (cost=1670.87..1687.53 rows=20 width=8) (actual time=3.765..3.798 rows=20 loops=1)
        ->  Merge Join  (cost=4.68..5117356.15 rows=6142568 width=8) (actual time=0.036..3.746 rows=2020 loops=1)
        "        Merge Cond: (""Images"".""Id"" = ""ImageTag"".""ImagesId"")"
        "        ->  Index Only Scan using ""PK_Images"" on ""Images""  (cost=0.43..264739.96 rows=10197035 width=8) (actual time=0.016..1.601 rows=3410 loops=1)"
                    Heap Fetches: 0
        "        ->  Index Only Scan using ""PK_ImageTag"" on ""ImageTag""  (cost=0.57..4750692.21 rows=6142568 width=8) (actual time=0.018..1.796 rows=2020 loops=1)"
        "              Index Cond: (""TagsName"" = 'tag1'::text)"
                    Heap Fetches: 0
        Planning Time: 0.254 ms
        Execution Time: 3.846 ms

        Limit  (cost=1670.87..1687.53 rows=20 width=8) (actual time=2.696..2.721 rows=20 loops=1)
        ->  Merge Join  (cost=4.68..5117356.15 rows=6142568 width=8) (actual time=0.056..2.669 rows=2020 loops=1)
        "        Merge Cond: (""Images"".""Id"" = ""ImageTag"".""ImagesId"")"
        "        ->  Index Only Scan using ""PK_Images"" on ""Images""  (cost=0.43..264739.96 rows=10197035 width=8) (actual time=0.023..0.812 rows=3410 loops=1)"
                    Heap Fetches: 0
        "        ->  Index Only Scan using ""PK_ImageTag"" on ""ImageTag""  (cost=0.57..4750692.21 rows=6142568 width=8) (actual time=0.029..1.472 rows=2020 loops=1)"
        "              Index Cond: (""TagsName"" = 'tag1'::text)"
                    Heap Fetches: 0
        Planning Time: 0.323 ms
        Execution Time: 2.777 ms

        Limit  (cost=1670.87..1687.53 rows=20 width=8) (actual time=2.474..2.497 rows=20 loops=1)
        ->  Merge Join  (cost=4.68..5117356.15 rows=6142568 width=8) (actual time=0.050..2.446 rows=2020 loops=1)
        "        Merge Cond: (""Images"".""Id"" = ""ImageTag"".""ImagesId"")"
        "        ->  Index Only Scan using ""PK_Images"" on ""Images""  (cost=0.43..264739.96 rows=10197035 width=8) (actual time=0.022..0.725 rows=3410 loops=1)"
                    Heap Fetches: 0
        "        ->  Index Only Scan using ""PK_ImageTag"" on ""ImageTag""  (cost=0.57..4750692.21 rows=6142568 width=8) (actual time=0.026..1.367 rows=2020 loops=1)"
        "              Index Cond: (""TagsName"" = 'tag1'::text)"
                    Heap Fetches: 0
        Planning Time: 0.306 ms
        Execution Time: 2.551 ms

        Limit  (cost=1670.87..1687.53 rows=20 width=8) (actual time=2.452..2.475 rows=20 loops=1)
        ->  Merge Join  (cost=4.68..5117356.15 rows=6142568 width=8) (actual time=0.043..2.425 rows=2020 loops=1)
        "        Merge Cond: (""Images"".""Id"" = ""ImageTag"".""ImagesId"")"
        "        ->  Index Only Scan using ""PK_Images"" on ""Images""  (cost=0.43..264739.96 rows=10197035 width=8) (actual time=0.018..0.736 rows=3410 loops=1)"
                    Heap Fetches: 0
        "        ->  Index Only Scan using ""PK_ImageTag"" on ""ImageTag""  (cost=0.57..4750692.21 rows=6142568 width=8) (actual time=0.023..1.342 rows=2020 loops=1)"
        "              Index Cond: (""TagsName"" = 'tag1'::text)"
                    Heap Fetches: 0
        Planning Time: 0.373 ms
        Execution Time: 2.529 ms

        Limit  (cost=1670.87..1687.53 rows=20 width=8) (actual time=2.619..2.652 rows=20 loops=1)
        ->  Merge Join  (cost=4.68..5117356.15 rows=6142568 width=8) (actual time=0.033..2.600 rows=2020 loops=1)
        "        Merge Cond: (""Images"".""Id"" = ""ImageTag"".""ImagesId"")"
        "        ->  Index Only Scan using ""PK_Images"" on ""Images""  (cost=0.43..264739.96 rows=10197035 width=8) (actual time=0.014..0.735 rows=3410 loops=1)"
                    Heap Fetches: 0
        "        ->  Index Only Scan using ""PK_ImageTag"" on ""ImageTag""  (cost=0.57..4750692.21 rows=6142568 width=8) (actual time=0.018..1.485 rows=2020 loops=1)"
        "              Index Cond: (""TagsName"" = 'tag1'::text)"
                    Heap Fetches: 0
        Planning Time: 0.261 ms
        Execution Time: 2.709 ms


    Page 1000:

        Limit  (cost=16666.61..16683.27 rows=20 width=8) (actual time=26.187..26.208 rows=20 loops=1)
        ->  Merge Join  (cost=4.68..5117356.15 rows=6142568 width=8) (actual time=0.044..25.716 rows=20020 loops=1)
        "        Merge Cond: (""Images"".""Id"" = ""ImageTag"".""ImagesId"")"
        "        ->  Index Only Scan using ""PK_Images"" on ""Images""  (cost=0.43..264739.96 rows=10197035 width=8) (actual time=0.015..5.552 rows=33633 loops=1)"
                    Heap Fetches: 0
        "        ->  Index Only Scan using ""PK_ImageTag"" on ""ImageTag""  (cost=0.57..4750692.21 rows=6142568 width=8) (actual time=0.028..16.816 rows=20020 loops=1)"
        "              Index Cond: (""TagsName"" = 'tag1'::text)"
                    Heap Fetches: 0
        Planning Time: 0.260 ms
        Execution Time: 26.264 ms

        Limit  (cost=16666.61..16683.27 rows=20 width=8) (actual time=20.926..20.943 rows=20 loops=1)
        ->  Merge Join  (cost=4.68..5117356.15 rows=6142568 width=8) (actual time=0.038..20.456 rows=20020 loops=1)
        "        Merge Cond: (""Images"".""Id"" = ""ImageTag"".""ImagesId"")"
        "        ->  Index Only Scan using ""PK_Images"" on ""Images""  (cost=0.43..264739.96 rows=10197035 width=8) (actual time=0.017..4.917 rows=33633 loops=1)"
                    Heap Fetches: 0
        "        ->  Index Only Scan using ""PK_ImageTag"" on ""ImageTag""  (cost=0.57..4750692.21 rows=6142568 width=8) (actual time=0.019..12.298 rows=20020 loops=1)"
        "              Index Cond: (""TagsName"" = 'tag1'::text)"
                    Heap Fetches: 0
        Planning Time: 0.271 ms
        Execution Time: 21.000 ms

        Limit  (cost=16666.61..16683.27 rows=20 width=8) (actual time=22.462..22.480 rows=20 loops=1)
        ->  Merge Join  (cost=4.68..5117356.15 rows=6142568 width=8) (actual time=0.034..21.989 rows=20020 loops=1)
        "        Merge Cond: (""Images"".""Id"" = ""ImageTag"".""ImagesId"")"
        "        ->  Index Only Scan using ""PK_Images"" on ""Images""  (cost=0.43..264739.96 rows=10197035 width=8) (actual time=0.015..5.442 rows=33633 loops=1)"
                    Heap Fetches: 0
        "        ->  Index Only Scan using ""PK_ImageTag"" on ""ImageTag""  (cost=0.57..4750692.21 rows=6142568 width=8) (actual time=0.018..13.096 rows=20020 loops=1)"
        "              Index Cond: (""TagsName"" = 'tag1'::text)"
                    Heap Fetches: 0
        Planning Time: 0.254 ms
        Execution Time: 22.544 ms

        Limit  (cost=16666.61..16683.27 rows=20 width=8) (actual time=21.656..21.673 rows=20 loops=1)
        ->  Merge Join  (cost=4.68..5117356.15 rows=6142568 width=8) (actual time=0.035..21.183 rows=20020 loops=1)
        "        Merge Cond: (""Images"".""Id"" = ""ImageTag"".""ImagesId"")"
        "        ->  Index Only Scan using ""PK_Images"" on ""Images""  (cost=0.43..264739.96 rows=10197035 width=8) (actual time=0.015..5.231 rows=33633 loops=1)"
                    Heap Fetches: 0
        "        ->  Index Only Scan using ""PK_ImageTag"" on ""ImageTag""  (cost=0.57..4750692.21 rows=6142568 width=8) (actual time=0.018..12.637 rows=20020 loops=1)"
        "              Index Cond: (""TagsName"" = 'tag1'::text)"
                    Heap Fetches: 0
        Planning Time: 0.298 ms
        Execution Time: 21.729 ms

        Limit  (cost=16666.61..16683.27 rows=20 width=8) (actual time=21.377..21.394 rows=20 loops=1)
        ->  Merge Join  (cost=4.68..5117356.15 rows=6142568 width=8) (actual time=0.041..20.910 rows=20020 loops=1)
        "        Merge Cond: (""Images"".""Id"" = ""ImageTag"".""ImagesId"")"
        "        ->  Index Only Scan using ""PK_Images"" on ""Images""  (cost=0.43..264739.96 rows=10197035 width=8) (actual time=0.018..5.003 rows=33633 loops=1)"
                    Heap Fetches: 0
        "        ->  Index Only Scan using ""PK_ImageTag"" on ""ImageTag""  (cost=0.57..4750692.21 rows=6142568 width=8) (actual time=0.021..12.589 rows=20020 loops=1)"
        "              Index Cond: (""TagsName"" = 'tag1'::text)"
                    Heap Fetches: 0
        Planning Time: 0.256 ms
        Execution Time: 21.449 ms

    Page 10000:

        Limit  (cost=166623.96..166640.62 rows=20 width=8) (actual time=263.267..263.293 rows=20 loops=1)
        ->  Merge Join  (cost=4.68..5117356.15 rows=6142568 width=8) (actual time=0.065..256.338 rows=200020 loops=1)
        "        Merge Cond: (""Images"".""Id"" = ""ImageTag"".""ImagesId"")"
        "        ->  Index Only Scan using ""PK_Images"" on ""Images""  (cost=0.43..264739.96 rows=10197035 width=8) (actual time=0.028..52.720 rows=335381 loops=1)"
                    Heap Fetches: 0
        "        ->  Index Only Scan using ""PK_ImageTag"" on ""ImageTag""  (cost=0.57..4750692.21 rows=6142568 width=8) (actual time=0.026..167.427 rows=200020 loops=1)"
        "              Index Cond: (""TagsName"" = 'tag1'::text)"
                    Heap Fetches: 0
        Planning Time: 0.282 ms
        JIT:
        Functions: 6
        "  Options: Inlining false, Optimization false, Expressions true, Deforming true"
        "  Timing: Generation 0.222 ms, Inlining 0.000 ms, Optimization 0.191 ms, Emission 1.810 ms, Total 2.224 ms"
        Execution Time: 263.614 ms

        Limit  (cost=166623.96..166640.62 rows=20 width=8) (actual time=260.592..260.619 rows=20 loops=1)
        ->  Merge Join  (cost=4.68..5117356.15 rows=6142568 width=8) (actual time=0.053..253.602 rows=200020 loops=1)
        "        Merge Cond: (""Images"".""Id"" = ""ImageTag"".""ImagesId"")"
        "        ->  Index Only Scan using ""PK_Images"" on ""Images""  (cost=0.43..264739.96 rows=10197035 width=8) (actual time=0.025..50.638 rows=335381 loops=1)"
                    Heap Fetches: 0
        "        ->  Index Only Scan using ""PK_ImageTag"" on ""ImageTag""  (cost=0.57..4750692.21 rows=6142568 width=8) (actual time=0.021..167.717 rows=200020 loops=1)"
        "              Index Cond: (""TagsName"" = 'tag1'::text)"
                    Heap Fetches: 0
        Planning Time: 0.349 ms
        JIT:
        Functions: 6
        "  Options: Inlining false, Optimization false, Expressions true, Deforming true"
        "  Timing: Generation 0.241 ms, Inlining 0.000 ms, Optimization 0.163 ms, Emission 1.888 ms, Total 2.291 ms"
        Execution Time: 260.952 ms

        Limit  (cost=166623.96..166640.62 rows=20 width=8) (actual time=303.983..304.012 rows=20 loops=1)
        ->  Merge Join  (cost=4.68..5117356.15 rows=6142568 width=8) (actual time=0.081..296.825 rows=200020 loops=1)
        "        Merge Cond: (""Images"".""Id"" = ""ImageTag"".""ImagesId"")"
        "        ->  Index Only Scan using ""PK_Images"" on ""Images""  (cost=0.43..264739.96 rows=10197035 width=8) (actual time=0.033..62.271 rows=335381 loops=1)"
                    Heap Fetches: 0
        "        ->  Index Only Scan using ""PK_ImageTag"" on ""ImageTag""  (cost=0.57..4750692.21 rows=6142568 width=8) (actual time=0.032..185.743 rows=200020 loops=1)"
        "              Index Cond: (""TagsName"" = 'tag1'::text)"
                    Heap Fetches: 0
        Planning Time: 0.262 ms
        JIT:
        Functions: 6
        "  Options: Inlining false, Optimization false, Expressions true, Deforming true"
        "  Timing: Generation 0.204 ms, Inlining 0.000 ms, Optimization 0.134 ms, Emission 1.912 ms, Total 2.250 ms"
        Execution Time: 304.302 ms

        Limit  (cost=166623.96..166640.62 rows=20 width=8) (actual time=264.664..264.691 rows=20 loops=1)
        ->  Merge Join  (cost=4.68..5117356.15 rows=6142568 width=8) (actual time=0.059..257.789 rows=200020 loops=1)
        "        Merge Cond: (""Images"".""Id"" = ""ImageTag"".""ImagesId"")"
        "        ->  Index Only Scan using ""PK_Images"" on ""Images""  (cost=0.43..264739.96 rows=10197035 width=8) (actual time=0.028..49.437 rows=335381 loops=1)"
                    Heap Fetches: 0
        "        ->  Index Only Scan using ""PK_ImageTag"" on ""ImageTag""  (cost=0.57..4750692.21 rows=6142568 width=8) (actual time=0.023..172.700 rows=200020 loops=1)"
        "              Index Cond: (""TagsName"" = 'tag1'::text)"
                    Heap Fetches: 0
        Planning Time: 0.323 ms
        JIT:
        Functions: 6
        "  Options: Inlining false, Optimization false, Expressions true, Deforming true"
        "  Timing: Generation 0.177 ms, Inlining 0.000 ms, Optimization 0.124 ms, Emission 1.823 ms, Total 2.125 ms"
        Execution Time: 264.953 ms

        Limit  (cost=166623.96..166640.62 rows=20 width=8) (actual time=261.731..261.757 rows=20 loops=1)
        ->  Merge Join  (cost=4.68..5117356.15 rows=6142568 width=8) (actual time=0.054..254.968 rows=200020 loops=1)
        "        Merge Cond: (""Images"".""Id"" = ""ImageTag"".""ImagesId"")"
        "        ->  Index Only Scan using ""PK_Images"" on ""Images""  (cost=0.43..264739.96 rows=10197035 width=8) (actual time=0.024..49.043 rows=335381 loops=1)"
                    Heap Fetches: 0
        "        ->  Index Only Scan using ""PK_ImageTag"" on ""ImageTag""  (cost=0.57..4750692.21 rows=6142568 width=8) (actual time=0.021..170.471 rows=200020 loops=1)"
        "              Index Cond: (""TagsName"" = 'tag1'::text)"
                    Heap Fetches: 0
        Planning Time: 0.330 ms
        JIT:
        Functions: 6
        "  Options: Inlining false, Optimization false, Expressions true, Deforming true"
        "  Timing: Generation 0.167 ms, Inlining 0.000 ms, Optimization 0.145 ms, Emission 1.713 ms, Total 2.025 ms"
        Execution Time: 262.012 ms

3 most common:

EXPLAIN ANALYZE SELECT "Id" FROM "Images"
                WHERE EXISTS (SELECT "TagsName" FROM "ImageTag" WHERE "ImagesId" = "Images"."Id" AND "TagsName" = 'tag1')
                AND EXISTS (SELECT "TagsName" FROM "ImageTag" WHERE "ImagesId" = "Images"."Id" AND "TagsName" = 'tag2')
                AND EXISTS (SELECT "TagsName" FROM "ImageTag" WHERE "ImagesId" = "Images"."Id" AND "TagsName" = 'tag3')
                ORDER BY "Id"
                OFFSET @page * 20
                    LIMIT 20;

Page 1:
Limit  (cost=5.82..171.34 rows=20 width=8) (actual time=0.095..0.431 rows=20 loops=1)
  ->  Nested Loop  (cost=5.82..9647113.70 rows=1165671 width=8) (actual time=0.095..0.429 rows=20 loops=1)
        ->  Nested Loop  (cost=5.25..8193053.86 rows=1935084 width=24) (actual time=0.065..0.366 rows=33 loops=1)
              ->  Merge Join  (cost=4.68..5067958.48 rows=3947056 width=16) (actual time=0.050..0.255 rows=66 loops=1)
"                    Merge Cond: (""Images"".""Id"" = ""ImageTag_2"".""ImagesId"")"
"                    ->  Index Only Scan using ""PK_Images"" on ""Images""  (cost=0.43..264739.96 rows=10197035 width=8) (actual time=0.026..0.093 rows=219 loops=1)"
                          Heap Fetches: 0
"                    ->  Index Only Scan using ""PK_ImageTag"" on ""ImageTag"" ""ImageTag_2""  (cost=0.57..4728737.09 rows=3947056 width=8) (actual time=0.017..0.139 rows=66 loops=1)"
"                          Index Cond: (""TagsName"" = 'tag3'::text)"
                          Heap Fetches: 0
"              ->  Index Only Scan using ""PK_ImageTag"" on ""ImageTag"" ""ImageTag_1""  (cost=0.57..4.34 rows=17 width=8) (actual time=0.001..0.001 rows=0 loops=66)"
"                    Index Cond: ((""ImagesId"" = ""Images"".""Id"") AND (""TagsName"" = 'tag2'::text))"
                    Heap Fetches: 0
"        ->  Index Only Scan using ""PK_ImageTag"" on ""ImageTag""  (cost=0.57..4.38 rows=21 width=8) (actual time=0.002..0.002 rows=1 loops=33)"
"              Index Cond: ((""ImagesId"" = ""Images"".""Id"") AND (""TagsName"" = 'tag1'::text))"
              Heap Fetches: 0
Planning Time: 1.297 ms
Execution Time: 0.541 ms

Limit  (cost=5.82..171.34 rows=20 width=8) (actual time=0.093..0.357 rows=20 loops=1)
  ->  Nested Loop  (cost=5.82..9647113.70 rows=1165671 width=8) (actual time=0.092..0.355 rows=20 loops=1)
        ->  Nested Loop  (cost=5.25..8193053.86 rows=1935084 width=24) (actual time=0.067..0.299 rows=33 loops=1)
              ->  Merge Join  (cost=4.68..5067958.48 rows=3947056 width=16) (actual time=0.053..0.200 rows=66 loops=1)
"                    Merge Cond: (""Images"".""Id"" = ""ImageTag_2"".""ImagesId"")"
"                    ->  Index Only Scan using ""PK_Images"" on ""Images""  (cost=0.43..264739.96 rows=10197035 width=8) (actual time=0.029..0.084 rows=219 loops=1)"
                          Heap Fetches: 0
"                    ->  Index Only Scan using ""PK_ImageTag"" on ""ImageTag"" ""ImageTag_2""  (cost=0.57..4728737.09 rows=3947056 width=8) (actual time=0.016..0.094 rows=66 loops=1)"
"                          Index Cond: (""TagsName"" = 'tag3'::text)"
                          Heap Fetches: 0
"              ->  Index Only Scan using ""PK_ImageTag"" on ""ImageTag"" ""ImageTag_1""  (cost=0.57..4.34 rows=17 width=8) (actual time=0.001..0.001 rows=0 loops=66)"
"                    Index Cond: ((""ImagesId"" = ""Images"".""Id"") AND (""TagsName"" = 'tag2'::text))"
                    Heap Fetches: 0
"        ->  Index Only Scan using ""PK_ImageTag"" on ""ImageTag""  (cost=0.57..4.38 rows=21 width=8) (actual time=0.002..0.002 rows=1 loops=33)"
"              Index Cond: ((""ImagesId"" = ""Images"".""Id"") AND (""TagsName"" = 'tag1'::text))"
              Heap Fetches: 0
Planning Time: 1.459 ms
Execution Time: 0.444 ms

Limit  (cost=5.82..171.34 rows=20 width=8) (actual time=0.089..0.349 rows=20 loops=1)
  ->  Nested Loop  (cost=5.82..9647113.70 rows=1165671 width=8) (actual time=0.089..0.347 rows=20 loops=1)
        ->  Nested Loop  (cost=5.25..8193053.86 rows=1935084 width=24) (actual time=0.064..0.291 rows=33 loops=1)
              ->  Merge Join  (cost=4.68..5067958.48 rows=3947056 width=16) (actual time=0.049..0.193 rows=66 loops=1)
"                    Merge Cond: (""Images"".""Id"" = ""ImageTag_2"".""ImagesId"")"
"                    ->  Index Only Scan using ""PK_Images"" on ""Images""  (cost=0.43..264739.96 rows=10197035 width=8) (actual time=0.025..0.080 rows=219 loops=1)"
                          Heap Fetches: 0
"                    ->  Index Only Scan using ""PK_ImageTag"" on ""ImageTag"" ""ImageTag_2""  (cost=0.57..4728737.09 rows=3947056 width=8) (actual time=0.017..0.092 rows=66 loops=1)"
"                          Index Cond: (""TagsName"" = 'tag3'::text)"
                          Heap Fetches: 0
"              ->  Index Only Scan using ""PK_ImageTag"" on ""ImageTag"" ""ImageTag_1""  (cost=0.57..4.34 rows=17 width=8) (actual time=0.001..0.001 rows=0 loops=66)"
"                    Index Cond: ((""ImagesId"" = ""Images"".""Id"") AND (""TagsName"" = 'tag2'::text))"
                    Heap Fetches: 0
"        ->  Index Only Scan using ""PK_ImageTag"" on ""ImageTag""  (cost=0.57..4.38 rows=21 width=8) (actual time=0.002..0.002 rows=1 loops=33)"
"              Index Cond: ((""ImagesId"" = ""Images"".""Id"") AND (""TagsName"" = 'tag1'::text))"
              Heap Fetches: 0
Planning Time: 1.678 ms
Execution Time: 0.430 ms

Limit  (cost=5.82..171.34 rows=20 width=8) (actual time=0.093..0.422 rows=20 loops=1)
  ->  Nested Loop  (cost=5.82..9647113.70 rows=1165671 width=8) (actual time=0.093..0.420 rows=20 loops=1)
        ->  Nested Loop  (cost=5.25..8193053.86 rows=1935084 width=24) (actual time=0.066..0.353 rows=33 loops=1)
              ->  Merge Join  (cost=4.68..5067958.48 rows=3947056 width=16) (actual time=0.051..0.231 rows=66 loops=1)
"                    Merge Cond: (""Images"".""Id"" = ""ImageTag_2"".""ImagesId"")"
"                    ->  Index Only Scan using ""PK_Images"" on ""Images""  (cost=0.43..264739.96 rows=10197035 width=8) (actual time=0.028..0.094 rows=219 loops=1)"
                          Heap Fetches: 0
"                    ->  Index Only Scan using ""PK_ImageTag"" on ""ImageTag"" ""ImageTag_2""  (cost=0.57..4728737.09 rows=3947056 width=8) (actual time=0.016..0.111 rows=66 loops=1)"
"                          Index Cond: (""TagsName"" = 'tag3'::text)"
                          Heap Fetches: 0
"              ->  Index Only Scan using ""PK_ImageTag"" on ""ImageTag"" ""ImageTag_1""  (cost=0.57..4.34 rows=17 width=8) (actual time=0.002..0.002 rows=0 loops=66)"
"                    Index Cond: ((""ImagesId"" = ""Images"".""Id"") AND (""TagsName"" = 'tag2'::text))"
                    Heap Fetches: 0
"        ->  Index Only Scan using ""PK_ImageTag"" on ""ImageTag""  (cost=0.57..4.38 rows=21 width=8) (actual time=0.002..0.002 rows=1 loops=33)"
"              Index Cond: ((""ImagesId"" = ""Images"".""Id"") AND (""TagsName"" = 'tag1'::text))"
              Heap Fetches: 0
Planning Time: 1.414 ms
Execution Time: 0.509 ms

Limit  (cost=5.82..171.34 rows=20 width=8) (actual time=0.105..0.383 rows=20 loops=1)
  ->  Nested Loop  (cost=5.82..9647113.70 rows=1165671 width=8) (actual time=0.105..0.381 rows=20 loops=1)
        ->  Nested Loop  (cost=5.25..8193053.86 rows=1935084 width=24) (actual time=0.077..0.322 rows=33 loops=1)
              ->  Merge Join  (cost=4.68..5067958.48 rows=3947056 width=16) (actual time=0.061..0.209 rows=66 loops=1)
"                    Merge Cond: (""Images"".""Id"" = ""ImageTag_2"".""ImagesId"")"
"                    ->  Index Only Scan using ""PK_Images"" on ""Images""  (cost=0.43..264739.96 rows=10197035 width=8) (actual time=0.037..0.096 rows=219 loops=1)"
                          Heap Fetches: 0
"                    ->  Index Only Scan using ""PK_ImageTag"" on ""ImageTag"" ""ImageTag_2""  (cost=0.57..4728737.09 rows=3947056 width=8) (actual time=0.016..0.092 rows=66 loops=1)"
"                          Index Cond: (""TagsName"" = 'tag3'::text)"
                          Heap Fetches: 0
"              ->  Index Only Scan using ""PK_ImageTag"" on ""ImageTag"" ""ImageTag_1""  (cost=0.57..4.34 rows=17 width=8) (actual time=0.002..0.002 rows=0 loops=66)"
"                    Index Cond: ((""ImagesId"" = ""Images"".""Id"") AND (""TagsName"" = 'tag2'::text))"
                    Heap Fetches: 0
"        ->  Index Only Scan using ""PK_ImageTag"" on ""ImageTag""  (cost=0.57..4.38 rows=21 width=8) (actual time=0.002..0.002 rows=1 loops=33)"
"              Index Cond: ((""ImagesId"" = ""Images"".""Id"") AND (""TagsName"" = 'tag1'::text))"
              Heap Fetches: 0
Planning Time: 1.329 ms
Execution Time: 0.468 ms


Page 100:

Limit  (cost=16557.84..16723.36 rows=20 width=8) (actual time=27.188..27.404 rows=20 loops=1)
  ->  Nested Loop  (cost=5.82..9647113.70 rows=1165671 width=8) (actual time=0.128..27.349 rows=2020 loops=1)
        ->  Nested Loop  (cost=5.25..8193053.86 rows=1935084 width=24) (actual time=0.084..22.840 rows=3360 loops=1)
              ->  Merge Join  (cost=4.68..5067958.48 rows=3947056 width=16) (actual time=0.065..14.164 rows=6549 loops=1)
"                    Merge Cond: (""Images"".""Id"" = ""ImageTag_2"".""ImagesId"")"
"                    ->  Index Only Scan using ""PK_Images"" on ""Images""  (cost=0.43..264739.96 rows=10197035 width=8) (actual time=0.033..3.188 rows=17754 loops=1)"
                          Heap Fetches: 0
"                    ->  Index Only Scan using ""PK_ImageTag"" on ""ImageTag"" ""ImageTag_2""  (cost=0.57..4728737.09 rows=3947056 width=8) (actual time=0.023..9.155 rows=6549 loops=1)"
"                          Index Cond: (""TagsName"" = 'tag3'::text)"
                          Heap Fetches: 0
"              ->  Index Only Scan using ""PK_ImageTag"" on ""ImageTag"" ""ImageTag_1""  (cost=0.57..4.34 rows=17 width=8) (actual time=0.001..0.001 rows=1 loops=6549)"
"                    Index Cond: ((""ImagesId"" = ""Images"".""Id"") AND (""TagsName"" = 'tag2'::text))"
                    Heap Fetches: 0
"        ->  Index Only Scan using ""PK_ImageTag"" on ""ImageTag""  (cost=0.57..4.38 rows=21 width=8) (actual time=0.001..0.001 rows=1 loops=3360)"
"              Index Cond: ((""ImagesId"" = ""Images"".""Id"") AND (""TagsName"" = 'tag1'::text))"
              Heap Fetches: 0
Planning Time: 1.443 ms
Execution Time: 27.502 ms

Limit  (cost=16557.84..16723.36 rows=20 width=8) (actual time=24.904..25.102 rows=20 loops=1)
  ->  Nested Loop  (cost=5.82..9647113.70 rows=1165671 width=8) (actual time=0.087..25.051 rows=2020 loops=1)
        ->  Nested Loop  (cost=5.25..8193053.86 rows=1935084 width=24) (actual time=0.062..20.503 rows=3360 loops=1)
              ->  Merge Join  (cost=4.68..5067958.48 rows=3947056 width=16) (actual time=0.048..11.795 rows=6549 loops=1)
"                    Merge Cond: (""Images"".""Id"" = ""ImageTag_2"".""ImagesId"")"
"                    ->  Index Only Scan using ""PK_Images"" on ""Images""  (cost=0.43..264739.96 rows=10197035 width=8) (actual time=0.026..3.342 rows=17754 loops=1)"
                          Heap Fetches: 0
"                    ->  Index Only Scan using ""PK_ImageTag"" on ""ImageTag"" ""ImageTag_2""  (cost=0.57..4728737.09 rows=3947056 width=8) (actual time=0.015..6.703 rows=6549 loops=1)"
"                          Index Cond: (""TagsName"" = 'tag3'::text)"
                          Heap Fetches: 0
"              ->  Index Only Scan using ""PK_ImageTag"" on ""ImageTag"" ""ImageTag_1""  (cost=0.57..4.34 rows=17 width=8) (actual time=0.001..0.001 rows=1 loops=6549)"
"                    Index Cond: ((""ImagesId"" = ""Images"".""Id"") AND (""TagsName"" = 'tag2'::text))"
                    Heap Fetches: 0
"        ->  Index Only Scan using ""PK_ImageTag"" on ""ImageTag""  (cost=0.57..4.38 rows=21 width=8) (actual time=0.001..0.001 rows=1 loops=3360)"
"              Index Cond: ((""ImagesId"" = ""Images"".""Id"") AND (""TagsName"" = 'tag1'::text))"
              Heap Fetches: 0
Planning Time: 1.388 ms
Execution Time: 25.198 ms

Limit  (cost=16557.84..16723.36 rows=20 width=8) (actual time=24.323..24.521 rows=20 loops=1)
  ->  Nested Loop  (cost=5.82..9647113.70 rows=1165671 width=8) (actual time=0.089..24.464 rows=2020 loops=1)
        ->  Nested Loop  (cost=5.25..8193053.86 rows=1935084 width=24) (actual time=0.064..20.022 rows=3360 loops=1)
              ->  Merge Join  (cost=4.68..5067958.48 rows=3947056 width=16) (actual time=0.050..11.536 rows=6549 loops=1)
"                    Merge Cond: (""Images"".""Id"" = ""ImageTag_2"".""ImagesId"")"
"                    ->  Index Only Scan using ""PK_Images"" on ""Images""  (cost=0.43..264739.96 rows=10197035 width=8) (actual time=0.026..3.244 rows=17754 loops=1)"
                          Heap Fetches: 0
"                    ->  Index Only Scan using ""PK_ImageTag"" on ""ImageTag"" ""ImageTag_2""  (cost=0.57..4728737.09 rows=3947056 width=8) (actual time=0.017..6.563 rows=6549 loops=1)"
"                          Index Cond: (""TagsName"" = 'tag3'::text)"
                          Heap Fetches: 0
"              ->  Index Only Scan using ""PK_ImageTag"" on ""ImageTag"" ""ImageTag_1""  (cost=0.57..4.34 rows=17 width=8) (actual time=0.001..0.001 rows=1 loops=6549)"
"                    Index Cond: ((""ImagesId"" = ""Images"".""Id"") AND (""TagsName"" = 'tag2'::text))"
                    Heap Fetches: 0
"        ->  Index Only Scan using ""PK_ImageTag"" on ""ImageTag""  (cost=0.57..4.38 rows=21 width=8) (actual time=0.001..0.001 rows=1 loops=3360)"
"              Index Cond: ((""ImagesId"" = ""Images"".""Id"") AND (""TagsName"" = 'tag1'::text))"
              Heap Fetches: 0
Planning Time: 1.414 ms
Execution Time: 24.622 ms

Limit  (cost=16557.84..16723.36 rows=20 width=8) (actual time=24.034..24.265 rows=20 loops=1)
  ->  Nested Loop  (cost=5.82..9647113.70 rows=1165671 width=8) (actual time=0.087..24.214 rows=2020 loops=1)
        ->  Nested Loop  (cost=5.25..8193053.86 rows=1935084 width=24) (actual time=0.062..19.830 rows=3360 loops=1)
              ->  Merge Join  (cost=4.68..5067958.48 rows=3947056 width=16) (actual time=0.048..11.384 rows=6549 loops=1)
"                    Merge Cond: (""Images"".""Id"" = ""ImageTag_2"".""ImagesId"")"
"                    ->  Index Only Scan using ""PK_Images"" on ""Images""  (cost=0.43..264739.96 rows=10197035 width=8) (actual time=0.027..3.084 rows=17754 loops=1)"
                          Heap Fetches: 0
"                    ->  Index Only Scan using ""PK_ImageTag"" on ""ImageTag"" ""ImageTag_2""  (cost=0.57..4728737.09 rows=3947056 width=8) (actual time=0.015..6.591 rows=6549 loops=1)"
"                          Index Cond: (""TagsName"" = 'tag3'::text)"
                          Heap Fetches: 0
"              ->  Index Only Scan using ""PK_ImageTag"" on ""ImageTag"" ""ImageTag_1""  (cost=0.57..4.34 rows=17 width=8) (actual time=0.001..0.001 rows=1 loops=6549)"
"                    Index Cond: ((""ImagesId"" = ""Images"".""Id"") AND (""TagsName"" = 'tag2'::text))"
                    Heap Fetches: 0
"        ->  Index Only Scan using ""PK_ImageTag"" on ""ImageTag""  (cost=0.57..4.38 rows=21 width=8) (actual time=0.001..0.001 rows=1 loops=3360)"
"              Index Cond: ((""ImagesId"" = ""Images"".""Id"") AND (""TagsName"" = 'tag1'::text))"
              Heap Fetches: 0
Planning Time: 1.290 ms
Execution Time: 24.359 ms

Limit  (cost=16557.84..16723.36 rows=20 width=8) (actual time=23.580..23.771 rows=20 loops=1)
  ->  Nested Loop  (cost=5.82..9647113.70 rows=1165671 width=8) (actual time=0.096..23.721 rows=2020 loops=1)
        ->  Nested Loop  (cost=5.25..8193053.86 rows=1935084 width=24) (actual time=0.069..19.367 rows=3360 loops=1)
              ->  Merge Join  (cost=4.68..5067958.48 rows=3947056 width=16) (actual time=0.053..11.065 rows=6549 loops=1)
"                    Merge Cond: (""Images"".""Id"" = ""ImageTag_2"".""ImagesId"")"
"                    ->  Index Only Scan using ""PK_Images"" on ""Images""  (cost=0.43..264739.96 rows=10197035 width=8) (actual time=0.031..2.944 rows=17754 loops=1)"
                          Heap Fetches: 0
"                    ->  Index Only Scan using ""PK_ImageTag"" on ""ImageTag"" ""ImageTag_2""  (cost=0.57..4728737.09 rows=3947056 width=8) (actual time=0.015..6.448 rows=6549 loops=1)"
"                          Index Cond: (""TagsName"" = 'tag3'::text)"
                          Heap Fetches: 0
"              ->  Index Only Scan using ""PK_ImageTag"" on ""ImageTag"" ""ImageTag_1""  (cost=0.57..4.34 rows=17 width=8) (actual time=0.001..0.001 rows=1 loops=6549)"
"                    Index Cond: ((""ImagesId"" = ""Images"".""Id"") AND (""TagsName"" = 'tag2'::text))"
                    Heap Fetches: 0
"        ->  Index Only Scan using ""PK_ImageTag"" on ""ImageTag""  (cost=0.57..4.38 rows=21 width=8) (actual time=0.001..0.001 rows=1 loops=3360)"
"              Index Cond: ((""ImagesId"" = ""Images"".""Id"") AND (""TagsName"" = 'tag1'::text))"
              Heap Fetches: 0
Planning Time: 1.256 ms
Execution Time: 23.869 ms


Page 1000:

Limit  (cost=165526.07..165691.59 rows=20 width=8) (actual time=258.759..258.999 rows=20 loops=1)
  ->  Nested Loop  (cost=5.82..9647113.70 rows=1165671 width=8) (actual time=0.112..254.874 rows=20020 loops=1)
        ->  Nested Loop  (cost=5.25..8193053.86 rows=1935084 width=24) (actual time=0.084..211.796 rows=33377 loops=1)
              ->  Merge Join  (cost=4.68..5067958.48 rows=3947056 width=16) (actual time=0.064..128.746 rows=64580 loops=1)
"                    Merge Cond: (""Images"".""Id"" = ""ImageTag_2"".""ImagesId"")"
"                    ->  Index Only Scan using ""PK_Images"" on ""Images""  (cost=0.43..264739.96 rows=10197035 width=8) (actual time=0.032..27.568 rows=176318 loops=1)"
                          Heap Fetches: 0
"                    ->  Index Only Scan using ""PK_ImageTag"" on ""ImageTag"" ""ImageTag_2""  (cost=0.57..4728737.09 rows=3947056 width=8) (actual time=0.019..86.056 rows=64580 loops=1)"
"                          Index Cond: (""TagsName"" = 'tag3'::text)"
                          Heap Fetches: 0
"              ->  Index Only Scan using ""PK_ImageTag"" on ""ImageTag"" ""ImageTag_1""  (cost=0.57..4.34 rows=17 width=8) (actual time=0.001..0.001 rows=1 loops=64580)"
"                    Index Cond: ((""ImagesId"" = ""Images"".""Id"") AND (""TagsName"" = 'tag2'::text))"
                    Heap Fetches: 0
"        ->  Index Only Scan using ""PK_ImageTag"" on ""ImageTag""  (cost=0.57..4.38 rows=21 width=8) (actual time=0.001..0.001 rows=1 loops=33377)"
"              Index Cond: ((""ImagesId"" = ""Images"".""Id"") AND (""TagsName"" = 'tag1'::text))"
              Heap Fetches: 0
Planning Time: 1.239 ms
JIT:
  Functions: 12
"  Options: Inlining false, Optimization false, Expressions true, Deforming true"
"  Timing: Generation 0.360 ms, Inlining 0.000 ms, Optimization 0.179 ms, Emission 3.429 ms, Total 3.967 ms"
Execution Time: 259.494 ms

Limit  (cost=165526.07..165691.59 rows=20 width=8) (actual time=258.566..258.783 rows=20 loops=1)
  ->  Nested Loop  (cost=5.82..9647113.70 rows=1165671 width=8) (actual time=0.115..254.576 rows=20020 loops=1)
        ->  Nested Loop  (cost=5.25..8193053.86 rows=1935084 width=24) (actual time=0.088..207.494 rows=33377 loops=1)
              ->  Merge Join  (cost=4.68..5067958.48 rows=3947056 width=16) (actual time=0.066..117.172 rows=64580 loops=1)
"                    Merge Cond: (""Images"".""Id"" = ""ImageTag_2"".""ImagesId"")"
"                    ->  Index Only Scan using ""PK_Images"" on ""Images""  (cost=0.43..264739.96 rows=10197035 width=8) (actual time=0.036..30.410 rows=176318 loops=1)"
                          Heap Fetches: 0
"                    ->  Index Only Scan using ""PK_ImageTag"" on ""ImageTag"" ""ImageTag_2""  (cost=0.57..4728737.09 rows=3947056 width=8) (actual time=0.018..70.826 rows=64580 loops=1)"
"                          Index Cond: (""TagsName"" = 'tag3'::text)"
                          Heap Fetches: 0
"              ->  Index Only Scan using ""PK_ImageTag"" on ""ImageTag"" ""ImageTag_1""  (cost=0.57..4.34 rows=17 width=8) (actual time=0.001..0.001 rows=1 loops=64580)"
"                    Index Cond: ((""ImagesId"" = ""Images"".""Id"") AND (""TagsName"" = 'tag2'::text))"
                    Heap Fetches: 0
"        ->  Index Only Scan using ""PK_ImageTag"" on ""ImageTag""  (cost=0.57..4.38 rows=21 width=8) (actual time=0.001..0.001 rows=1 loops=33377)"
"              Index Cond: ((""ImagesId"" = ""Images"".""Id"") AND (""TagsName"" = 'tag1'::text))"
              Heap Fetches: 0
Planning Time: 1.417 ms
JIT:
  Functions: 12
"  Options: Inlining false, Optimization false, Expressions true, Deforming true"
"  Timing: Generation 0.333 ms, Inlining 0.000 ms, Optimization 0.165 ms, Emission 3.545 ms, Total 4.044 ms"
Execution Time: 259.255 ms

Limit  (cost=165526.07..165691.59 rows=20 width=8) (actual time=240.595..240.814 rows=20 loops=1)
  ->  Nested Loop  (cost=5.82..9647113.70 rows=1165671 width=8) (actual time=0.117..236.091 rows=20020 loops=1)
        ->  Nested Loop  (cost=5.25..8193053.86 rows=1935084 width=24) (actual time=0.089..192.568 rows=33377 loops=1)
              ->  Merge Join  (cost=4.68..5067958.48 rows=3947056 width=16) (actual time=0.065..109.227 rows=64580 loops=1)
"                    Merge Cond: (""Images"".""Id"" = ""ImageTag_2"".""ImagesId"")"
"                    ->  Index Only Scan using ""PK_Images"" on ""Images""  (cost=0.43..264739.96 rows=10197035 width=8) (actual time=0.032..27.457 rows=176318 loops=1)"
                          Heap Fetches: 0
"                    ->  Index Only Scan using ""PK_ImageTag"" on ""ImageTag"" ""ImageTag_2""  (cost=0.57..4728737.09 rows=3947056 width=8) (actual time=0.020..66.135 rows=64580 loops=1)"
"                          Index Cond: (""TagsName"" = 'tag3'::text)"
                          Heap Fetches: 0
"              ->  Index Only Scan using ""PK_ImageTag"" on ""ImageTag"" ""ImageTag_1""  (cost=0.57..4.34 rows=17 width=8) (actual time=0.001..0.001 rows=1 loops=64580)"
"                    Index Cond: ((""ImagesId"" = ""Images"".""Id"") AND (""TagsName"" = 'tag2'::text))"
                    Heap Fetches: 0
"        ->  Index Only Scan using ""PK_ImageTag"" on ""ImageTag""  (cost=0.57..4.38 rows=21 width=8) (actual time=0.001..0.001 rows=1 loops=33377)"
"              Index Cond: ((""ImagesId"" = ""Images"".""Id"") AND (""TagsName"" = 'tag1'::text))"
              Heap Fetches: 0
Planning Time: 1.283 ms
JIT:
  Functions: 12
"  Options: Inlining false, Optimization false, Expressions true, Deforming true"
"  Timing: Generation 0.393 ms, Inlining 0.000 ms, Optimization 0.123 ms, Emission 4.105 ms, Total 4.621 ms"
Execution Time: 241.353 ms

Limit  (cost=165526.07..165691.59 rows=20 width=8) (actual time=233.483..233.698 rows=20 loops=1)
  ->  Nested Loop  (cost=5.82..9647113.70 rows=1165671 width=8) (actual time=0.107..229.834 rows=20020 loops=1)
        ->  Nested Loop  (cost=5.25..8193053.86 rows=1935084 width=24) (actual time=0.080..187.230 rows=33377 loops=1)
              ->  Merge Join  (cost=4.68..5067958.48 rows=3947056 width=16) (actual time=0.061..105.387 rows=64580 loops=1)
"                    Merge Cond: (""Images"".""Id"" = ""ImageTag_2"".""ImagesId"")"
"                    ->  Index Only Scan using ""PK_Images"" on ""Images""  (cost=0.43..264739.96 rows=10197035 width=8) (actual time=0.032..26.192 rows=176318 loops=1)"
                          Heap Fetches: 0
"                    ->  Index Only Scan using ""PK_ImageTag"" on ""ImageTag"" ""ImageTag_2""  (cost=0.57..4728737.09 rows=3947056 width=8) (actual time=0.017..64.448 rows=64580 loops=1)"
"                          Index Cond: (""TagsName"" = 'tag3'::text)"
                          Heap Fetches: 0
"              ->  Index Only Scan using ""PK_ImageTag"" on ""ImageTag"" ""ImageTag_1""  (cost=0.57..4.34 rows=17 width=8) (actual time=0.001..0.001 rows=1 loops=64580)"
"                    Index Cond: ((""ImagesId"" = ""Images"".""Id"") AND (""TagsName"" = 'tag2'::text))"
                    Heap Fetches: 0
"        ->  Index Only Scan using ""PK_ImageTag"" on ""ImageTag""  (cost=0.57..4.38 rows=21 width=8) (actual time=0.001..0.001 rows=1 loops=33377)"
"              Index Cond: ((""ImagesId"" = ""Images"".""Id"") AND (""TagsName"" = 'tag1'::text))"
              Heap Fetches: 0
Planning Time: 1.248 ms
JIT:
  Functions: 12
"  Options: Inlining false, Optimization false, Expressions true, Deforming true"
"  Timing: Generation 0.356 ms, Inlining 0.000 ms, Optimization 0.128 ms, Emission 3.254 ms, Total 3.738 ms"
Execution Time: 234.199 ms

Limit  (cost=165526.07..165691.59 rows=20 width=8) (actual time=237.457..237.674 rows=20 loops=1)
  ->  Nested Loop  (cost=5.82..9647113.70 rows=1165671 width=8) (actual time=0.109..233.545 rows=20020 loops=1)
        ->  Nested Loop  (cost=5.25..8193053.86 rows=1935084 width=24) (actual time=0.082..190.509 rows=33377 loops=1)
              ->  Merge Join  (cost=4.68..5067958.48 rows=3947056 width=16) (actual time=0.063..107.567 rows=64580 loops=1)
"                    Merge Cond: (""Images"".""Id"" = ""ImageTag_2"".""ImagesId"")"
"                    ->  Index Only Scan using ""PK_Images"" on ""Images""  (cost=0.43..264739.96 rows=10197035 width=8) (actual time=0.034..27.243 rows=176318 loops=1)"
                          Heap Fetches: 0
"                    ->  Index Only Scan using ""PK_ImageTag"" on ""ImageTag"" ""ImageTag_2""  (cost=0.57..4728737.09 rows=3947056 width=8) (actual time=0.016..65.040 rows=64580 loops=1)"
"                          Index Cond: (""TagsName"" = 'tag3'::text)"
                          Heap Fetches: 0
"              ->  Index Only Scan using ""PK_ImageTag"" on ""ImageTag"" ""ImageTag_1""  (cost=0.57..4.34 rows=17 width=8) (actual time=0.001..0.001 rows=1 loops=64580)"
"                    Index Cond: ((""ImagesId"" = ""Images"".""Id"") AND (""TagsName"" = 'tag2'::text))"
                    Heap Fetches: 0
"        ->  Index Only Scan using ""PK_ImageTag"" on ""ImageTag""  (cost=0.57..4.38 rows=21 width=8) (actual time=0.001..0.001 rows=1 loops=33377)"
"              Index Cond: ((""ImagesId"" = ""Images"".""Id"") AND (""TagsName"" = 'tag1'::text))"
              Heap Fetches: 0
Planning Time: 1.241 ms
JIT:
  Functions: 12
"  Options: Inlining false, Optimization false, Expressions true, Deforming true"
"  Timing: Generation 0.321 ms, Inlining 0.000 ms, Optimization 0.121 ms, Emission 3.523 ms, Total 3.966 ms"
Execution Time: 238.140 ms

Page 10000:
Limit  (cost=1655208.34..1655373.86 rows=20 width=8) (actual time=2741.467..2741.776 rows=20 loops=1)
  ->  Nested Loop  (cost=5.82..9647113.70 rows=1165671 width=8) (actual time=0.105..2700.392 rows=200020 loops=1)
        ->  Nested Loop  (cost=5.25..8193053.86 rows=1935084 width=24) (actual time=0.075..2259.879 rows=334923 loops=1)
              ->  Merge Join  (cost=4.68..5067958.48 rows=3947056 width=16) (actual time=0.056..1404.163 rows=650025 loops=1)
"                    Merge Cond: (""Images"".""Id"" = ""ImageTag_2"".""ImagesId"")"
"                    ->  Index Only Scan using ""PK_Images"" on ""Images""  (cost=0.43..264739.96 rows=10197035 width=8) (actual time=0.029..334.834 rows=1772549 loops=1)"
                          Heap Fetches: 0
"                    ->  Index Only Scan using ""PK_ImageTag"" on ""ImageTag"" ""ImageTag_2""  (cost=0.57..4728737.09 rows=3947056 width=8) (actual time=0.015..871.867 rows=650025 loops=1)"
"                          Index Cond: (""TagsName"" = 'tag3'::text)"
                          Heap Fetches: 0
"              ->  Index Only Scan using ""PK_ImageTag"" on ""ImageTag"" ""ImageTag_1""  (cost=0.57..4.34 rows=17 width=8) (actual time=0.001..0.001 rows=1 loops=650025)"
"                    Index Cond: ((""ImagesId"" = ""Images"".""Id"") AND (""TagsName"" = 'tag2'::text))"
                    Heap Fetches: 0
"        ->  Index Only Scan using ""PK_ImageTag"" on ""ImageTag""  (cost=0.57..4.38 rows=21 width=8) (actual time=0.001..0.001 rows=1 loops=334923)"
"              Index Cond: ((""ImagesId"" = ""Images"".""Id"") AND (""TagsName"" = 'tag1'::text))"
              Heap Fetches: 0
Planning Time: 1.165 ms
JIT:
  Functions: 12
"  Options: Inlining true, Optimization true, Expressions true, Deforming true"
"  Timing: Generation 0.320 ms, Inlining 11.631 ms, Optimization 12.190 ms, Emission 12.296 ms, Total 36.437 ms"
Execution Time: 2742.220 ms

Limit  (cost=1655208.34..1655373.86 rows=20 width=8) (actual time=2685.261..2685.558 rows=20 loops=1)
  ->  Nested Loop  (cost=5.82..9647113.70 rows=1165671 width=8) (actual time=0.112..2643.795 rows=200020 loops=1)
        ->  Nested Loop  (cost=5.25..8193053.86 rows=1935084 width=24) (actual time=0.077..2204.926 rows=334923 loops=1)
              ->  Merge Join  (cost=4.68..5067958.48 rows=3947056 width=16) (actual time=0.059..1353.217 rows=650025 loops=1)
"                    Merge Cond: (""Images"".""Id"" = ""ImageTag_2"".""ImagesId"")"
"                    ->  Index Only Scan using ""PK_Images"" on ""Images""  (cost=0.43..264739.96 rows=10197035 width=8) (actual time=0.029..294.803 rows=1772549 loops=1)"
                          Heap Fetches: 0
"                    ->  Index Only Scan using ""PK_ImageTag"" on ""ImageTag"" ""ImageTag_2""  (cost=0.57..4728737.09 rows=3947056 width=8) (actual time=0.017..906.685 rows=650025 loops=1)"
"                          Index Cond: (""TagsName"" = 'tag3'::text)"
                          Heap Fetches: 0
"              ->  Index Only Scan using ""PK_ImageTag"" on ""ImageTag"" ""ImageTag_1""  (cost=0.57..4.34 rows=17 width=8) (actual time=0.001..0.001 rows=1 loops=650025)"
"                    Index Cond: ((""ImagesId"" = ""Images"".""Id"") AND (""TagsName"" = 'tag2'::text))"
                    Heap Fetches: 0
"        ->  Index Only Scan using ""PK_ImageTag"" on ""ImageTag""  (cost=0.57..4.38 rows=21 width=8) (actual time=0.001..0.001 rows=1 loops=334923)"
"              Index Cond: ((""ImagesId"" = ""Images"".""Id"") AND (""TagsName"" = 'tag1'::text))"
              Heap Fetches: 0
Planning Time: 1.559 ms
JIT:
  Functions: 12
"  Options: Inlining true, Optimization true, Expressions true, Deforming true"
"  Timing: Generation 0.427 ms, Inlining 10.874 ms, Optimization 12.701 ms, Emission 12.879 ms, Total 36.882 ms"
Execution Time: 2686.114 ms

Limit  (cost=1655208.34..1655373.86 rows=20 width=8) (actual time=2652.331..2652.629 rows=20 loops=1)
  ->  Nested Loop  (cost=5.82..9647113.70 rows=1165671 width=8) (actual time=0.111..2614.098 rows=200020 loops=1)
        ->  Nested Loop  (cost=5.25..8193053.86 rows=1935084 width=24) (actual time=0.078..2178.174 rows=334923 loops=1)
              ->  Merge Join  (cost=4.68..5067958.48 rows=3947056 width=16) (actual time=0.058..1334.751 rows=650025 loops=1)
"                    Merge Cond: (""Images"".""Id"" = ""ImageTag_2"".""ImagesId"")"
"                    ->  Index Only Scan using ""PK_Images"" on ""Images""  (cost=0.43..264739.96 rows=10197035 width=8) (actual time=0.027..284.633 rows=1772549 loops=1)"
                          Heap Fetches: 0
"                    ->  Index Only Scan using ""PK_ImageTag"" on ""ImageTag"" ""ImageTag_2""  (cost=0.57..4728737.09 rows=3947056 width=8) (actual time=0.019..896.685 rows=650025 loops=1)"
"                          Index Cond: (""TagsName"" = 'tag3'::text)"
                          Heap Fetches: 0
"              ->  Index Only Scan using ""PK_ImageTag"" on ""ImageTag"" ""ImageTag_1""  (cost=0.57..4.34 rows=17 width=8) (actual time=0.001..0.001 rows=1 loops=650025)"
"                    Index Cond: ((""ImagesId"" = ""Images"".""Id"") AND (""TagsName"" = 'tag2'::text))"
                    Heap Fetches: 0
"        ->  Index Only Scan using ""PK_ImageTag"" on ""ImageTag""  (cost=0.57..4.38 rows=21 width=8) (actual time=0.001..0.001 rows=1 loops=334923)"
"              Index Cond: ((""ImagesId"" = ""Images"".""Id"") AND (""TagsName"" = 'tag1'::text))"
              Heap Fetches: 0
Planning Time: 1.299 ms
JIT:
  Functions: 12
"  Options: Inlining true, Optimization true, Expressions true, Deforming true"
"  Timing: Generation 0.276 ms, Inlining 9.423 ms, Optimization 11.925 ms, Emission 11.873 ms, Total 33.498 ms"
Execution Time: 2653.033 ms

Limit  (cost=1655208.34..1655373.86 rows=20 width=8) (actual time=2665.276..2665.564 rows=20 loops=1)
  ->  Nested Loop  (cost=5.82..9647113.70 rows=1165671 width=8) (actual time=0.110..2625.562 rows=200020 loops=1)
        ->  Nested Loop  (cost=5.25..8193053.86 rows=1935084 width=24) (actual time=0.079..2189.260 rows=334923 loops=1)
              ->  Merge Join  (cost=4.68..5067958.48 rows=3947056 width=16) (actual time=0.059..1343.959 rows=650025 loops=1)
"                    Merge Cond: (""Images"".""Id"" = ""ImageTag_2"".""ImagesId"")"
"                    ->  Index Only Scan using ""PK_Images"" on ""Images""  (cost=0.43..264739.96 rows=10197035 width=8) (actual time=0.028..286.901 rows=1772549 loops=1)"
                          Heap Fetches: 0
"                    ->  Index Only Scan using ""PK_ImageTag"" on ""ImageTag"" ""ImageTag_2""  (cost=0.57..4728737.09 rows=3947056 width=8) (actual time=0.018..904.804 rows=650025 loops=1)"
"                          Index Cond: (""TagsName"" = 'tag3'::text)"
                          Heap Fetches: 0
"              ->  Index Only Scan using ""PK_ImageTag"" on ""ImageTag"" ""ImageTag_1""  (cost=0.57..4.34 rows=17 width=8) (actual time=0.001..0.001 rows=1 loops=650025)"
"                    Index Cond: ((""ImagesId"" = ""Images"".""Id"") AND (""TagsName"" = 'tag2'::text))"
                    Heap Fetches: 0
"        ->  Index Only Scan using ""PK_ImageTag"" on ""ImageTag""  (cost=0.57..4.38 rows=21 width=8) (actual time=0.001..0.001 rows=1 loops=334923)"
"              Index Cond: ((""ImagesId"" = ""Images"".""Id"") AND (""TagsName"" = 'tag1'::text))"
              Heap Fetches: 0
Planning Time: 1.376 ms
JIT:
  Functions: 12
"  Options: Inlining true, Optimization true, Expressions true, Deforming true"
"  Timing: Generation 0.327 ms, Inlining 9.687 ms, Optimization 12.796 ms, Emission 12.251 ms, Total 35.062 ms"
Execution Time: 2666.028 ms

Limit  (cost=1655208.34..1655373.86 rows=20 width=8) (actual time=2670.627..2670.922 rows=20 loops=1)
  ->  Nested Loop  (cost=5.82..9647113.70 rows=1165671 width=8) (actual time=0.111..2630.429 rows=200020 loops=1)
        ->  Nested Loop  (cost=5.25..8193053.86 rows=1935084 width=24) (actual time=0.076..2194.217 rows=334923 loops=1)
              ->  Merge Join  (cost=4.68..5067958.48 rows=3947056 width=16) (actual time=0.054..1349.547 rows=650025 loops=1)
"                    Merge Cond: (""Images"".""Id"" = ""ImageTag_2"".""ImagesId"")"
"                    ->  Index Only Scan using ""PK_Images"" on ""Images""  (cost=0.43..264739.96 rows=10197035 width=8) (actual time=0.026..290.451 rows=1772549 loops=1)"
                          Heap Fetches: 0
"                    ->  Index Only Scan using ""PK_ImageTag"" on ""ImageTag"" ""ImageTag_2""  (cost=0.57..4728737.09 rows=3947056 width=8) (actual time=0.016..899.177 rows=650025 loops=1)"
"                          Index Cond: (""TagsName"" = 'tag3'::text)"
                          Heap Fetches: 0
"              ->  Index Only Scan using ""PK_ImageTag"" on ""ImageTag"" ""ImageTag_1""  (cost=0.57..4.34 rows=17 width=8) (actual time=0.001..0.001 rows=1 loops=650025)"
"                    Index Cond: ((""ImagesId"" = ""Images"".""Id"") AND (""TagsName"" = 'tag2'::text))"
                    Heap Fetches: 0
"        ->  Index Only Scan using ""PK_ImageTag"" on ""ImageTag""  (cost=0.57..4.38 rows=21 width=8) (actual time=0.001..0.001 rows=1 loops=334923)"
"              Index Cond: ((""ImagesId"" = ""Images"".""Id"") AND (""TagsName"" = 'tag1'::text))"
              Heap Fetches: 0
Planning Time: 1.644 ms
JIT:
  Functions: 12
"  Options: Inlining true, Optimization true, Expressions true, Deforming true"
"  Timing: Generation 0.313 ms, Inlining 10.540 ms, Optimization 12.874 ms, Emission 11.792 ms, Total 35.519 ms"
Execution Time: 2671.381 ms

3 most common and 2 most common negated:
Page 1:

Limit  (cost=6.96..221.51 rows=20 width=8) (actual time=0.115..1.155 rows=20 loops=1)
  ->  Nested Loop Anti Join  (cost=6.96..11784434.08 rows=1098529 width=8) (actual time=0.115..1.152 rows=20 loops=1)
        ->  Nested Loop Anti Join  (cost=6.39..10734848.40 rows=1131602 width=8) (actual time=0.101..1.086 rows=37 loops=1)
              ->  Nested Loop  (cost=5.82..9687104.62 rows=1165671 width=8) (actual time=0.089..0.992 rows=57 loops=1)
                    ->  Nested Loop  (cost=5.25..8221682.66 rows=1935084 width=24) (actual time=0.060..0.848 rows=91 loops=1)
                          ->  Merge Join  (cost=4.68..5067958.48 rows=3947056 width=16) (actual time=0.042..0.540 rows=203 loops=1)
"                                Merge Cond: (""Images"".""Id"" = ""ImageTag_2"".""ImagesId"")"
"                                ->  Index Only Scan using ""PK_Images"" on ""Images""  (cost=0.43..264739.96 rows=10197035 width=8) (actual time=0.018..0.157 rows=556 loops=1)"
                                      Heap Fetches: 0
"                                ->  Index Only Scan using ""PK_ImageTag"" on ""ImageTag"" ""ImageTag_2""  (cost=0.57..4728737.09 rows=3947056 width=8) (actual time=0.016..0.320 rows=203 loops=1)"
"                                      Index Cond: (""TagsName"" = 'tag3'::text)"
                                      Heap Fetches: 0
"                          ->  Index Only Scan using ""PK_ImageTag"" on ""ImageTag"" ""ImageTag_1""  (cost=0.57..4.46 rows=17 width=8) (actual time=0.001..0.001 rows=0 loops=203)"
"                                Index Cond: ((""ImagesId"" = ""Images"".""Id"") AND (""TagsName"" = 'tag2'::text))"
                                Heap Fetches: 0
"                    ->  Index Only Scan using ""PK_ImageTag"" on ""ImageTag""  (cost=0.57..4.50 rows=21 width=8) (actual time=0.001..0.001 rows=1 loops=91)"
"                          Index Cond: ((""ImagesId"" = ""Images"".""Id"") AND (""TagsName"" = 'tag1'::text))"
                          Heap Fetches: 0
"              ->  Index Only Scan using ""PK_ImageTag"" on ""ImageTag"" ""ImageTag_3""  (cost=0.57..4.41 rows=12 width=8) (actual time=0.001..0.001 rows=0 loops=57)"
"                    Index Cond: ((""ImagesId"" = ""Images"".""Id"") AND (""TagsName"" = 'tag4'::text))"
                    Heap Fetches: 0
"        ->  Index Only Scan using ""PK_ImageTag"" on ""ImageTag"" ""ImageTag_4""  (cost=0.57..4.40 rows=11 width=8) (actual time=0.002..0.002 rows=0 loops=37)"
"              Index Cond: ((""ImagesId"" = ""Images"".""Id"") AND (""TagsName"" = 'tag5'::text))"
              Heap Fetches: 0
Planning Time: 2.762 ms
Execution Time: 1.273 ms

Limit  (cost=6.96..221.51 rows=20 width=8) (actual time=0.108..0.968 rows=20 loops=1)
  ->  Nested Loop Anti Join  (cost=6.96..11784434.08 rows=1098529 width=8) (actual time=0.107..0.965 rows=20 loops=1)
        ->  Nested Loop Anti Join  (cost=6.39..10734848.40 rows=1131602 width=8) (actual time=0.089..0.903 rows=37 loops=1)
              ->  Nested Loop  (cost=5.82..9687104.62 rows=1165671 width=8) (actual time=0.079..0.821 rows=57 loops=1)
                    ->  Nested Loop  (cost=5.25..8221682.66 rows=1935084 width=24) (actual time=0.055..0.690 rows=91 loops=1)
                          ->  Merge Join  (cost=4.68..5067958.48 rows=3947056 width=16) (actual time=0.036..0.414 rows=203 loops=1)
"                                Merge Cond: (""Images"".""Id"" = ""ImageTag_2"".""ImagesId"")"
"                                ->  Index Only Scan using ""PK_Images"" on ""Images""  (cost=0.43..264739.96 rows=10197035 width=8) (actual time=0.016..0.144 rows=556 loops=1)"
                                      Heap Fetches: 0
"                                ->  Index Only Scan using ""PK_ImageTag"" on ""ImageTag"" ""ImageTag_2""  (cost=0.57..4728737.09 rows=3947056 width=8) (actual time=0.012..0.212 rows=203 loops=1)"
"                                      Index Cond: (""TagsName"" = 'tag3'::text)"
                                      Heap Fetches: 0
"                          ->  Index Only Scan using ""PK_ImageTag"" on ""ImageTag"" ""ImageTag_1""  (cost=0.57..4.46 rows=17 width=8) (actual time=0.001..0.001 rows=0 loops=203)"
"                                Index Cond: ((""ImagesId"" = ""Images"".""Id"") AND (""TagsName"" = 'tag2'::text))"
                                Heap Fetches: 0
"                    ->  Index Only Scan using ""PK_ImageTag"" on ""ImageTag""  (cost=0.57..4.50 rows=21 width=8) (actual time=0.001..0.001 rows=1 loops=91)"
"                          Index Cond: ((""ImagesId"" = ""Images"".""Id"") AND (""TagsName"" = 'tag1'::text))"
                          Heap Fetches: 0
"              ->  Index Only Scan using ""PK_ImageTag"" on ""ImageTag"" ""ImageTag_3""  (cost=0.57..4.41 rows=12 width=8) (actual time=0.001..0.001 rows=0 loops=57)"
"                    Index Cond: ((""ImagesId"" = ""Images"".""Id"") AND (""TagsName"" = 'tag4'::text))"
                    Heap Fetches: 0
"        ->  Index Only Scan using ""PK_ImageTag"" on ""ImageTag"" ""ImageTag_4""  (cost=0.57..4.40 rows=11 width=8) (actual time=0.001..0.001 rows=0 loops=37)"
"              Index Cond: ((""ImagesId"" = ""Images"".""Id"") AND (""TagsName"" = 'tag5'::text))"
              Heap Fetches: 0
Planning Time: 2.247 ms
Execution Time: 1.079 ms

Limit  (cost=6.96..221.51 rows=20 width=8) (actual time=0.132..0.994 rows=20 loops=1)
  ->  Nested Loop Anti Join  (cost=6.96..11784434.08 rows=1098529 width=8) (actual time=0.131..0.992 rows=20 loops=1)
        ->  Nested Loop Anti Join  (cost=6.39..10734848.40 rows=1131602 width=8) (actual time=0.118..0.932 rows=37 loops=1)
              ->  Nested Loop  (cost=5.82..9687104.62 rows=1165671 width=8) (actual time=0.099..0.842 rows=57 loops=1)
                    ->  Nested Loop  (cost=5.25..8221682.66 rows=1935084 width=24) (actual time=0.076..0.712 rows=91 loops=1)
                          ->  Merge Join  (cost=4.68..5067958.48 rows=3947056 width=16) (actual time=0.058..0.439 rows=203 loops=1)
"                                Merge Cond: (""Images"".""Id"" = ""ImageTag_2"".""ImagesId"")"
"                                ->  Index Only Scan using ""PK_Images"" on ""Images""  (cost=0.43..264739.96 rows=10197035 width=8) (actual time=0.017..0.148 rows=556 loops=1)"
                                      Heap Fetches: 0
"                                ->  Index Only Scan using ""PK_ImageTag"" on ""ImageTag"" ""ImageTag_2""  (cost=0.57..4728737.09 rows=3947056 width=8) (actual time=0.032..0.234 rows=203 loops=1)"
"                                      Index Cond: (""TagsName"" = 'tag3'::text)"
                                      Heap Fetches: 0
"                          ->  Index Only Scan using ""PK_ImageTag"" on ""ImageTag"" ""ImageTag_1""  (cost=0.57..4.46 rows=17 width=8) (actual time=0.001..0.001 rows=0 loops=203)"
"                                Index Cond: ((""ImagesId"" = ""Images"".""Id"") AND (""TagsName"" = 'tag2'::text))"
                                Heap Fetches: 0
"                    ->  Index Only Scan using ""PK_ImageTag"" on ""ImageTag""  (cost=0.57..4.50 rows=21 width=8) (actual time=0.001..0.001 rows=1 loops=91)"
"                          Index Cond: ((""ImagesId"" = ""Images"".""Id"") AND (""TagsName"" = 'tag1'::text))"
                          Heap Fetches: 0
"              ->  Index Only Scan using ""PK_ImageTag"" on ""ImageTag"" ""ImageTag_3""  (cost=0.57..4.41 rows=12 width=8) (actual time=0.001..0.001 rows=0 loops=57)"
"                    Index Cond: ((""ImagesId"" = ""Images"".""Id"") AND (""TagsName"" = 'tag4'::text))"
                    Heap Fetches: 0
"        ->  Index Only Scan using ""PK_ImageTag"" on ""ImageTag"" ""ImageTag_4""  (cost=0.57..4.40 rows=11 width=8) (actual time=0.001..0.001 rows=0 loops=37)"
"              Index Cond: ((""ImagesId"" = ""Images"".""Id"") AND (""TagsName"" = 'tag5'::text))"
              Heap Fetches: 0
Planning Time: 2.336 ms
Execution Time: 1.106 ms

Limit  (cost=6.96..221.51 rows=20 width=8) (actual time=0.132..0.993 rows=20 loops=1)
  ->  Nested Loop Anti Join  (cost=6.96..11784434.08 rows=1098529 width=8) (actual time=0.131..0.991 rows=20 loops=1)
        ->  Nested Loop Anti Join  (cost=6.39..10734848.40 rows=1131602 width=8) (actual time=0.118..0.932 rows=37 loops=1)
              ->  Nested Loop  (cost=5.82..9687104.62 rows=1165671 width=8) (actual time=0.107..0.851 rows=57 loops=1)
                    ->  Nested Loop  (cost=5.25..8221682.66 rows=1935084 width=24) (actual time=0.077..0.707 rows=91 loops=1)
                          ->  Merge Join  (cost=4.68..5067958.48 rows=3947056 width=16) (actual time=0.053..0.430 rows=203 loops=1)
"                                Merge Cond: (""Images"".""Id"" = ""ImageTag_2"".""ImagesId"")"
"                                ->  Index Only Scan using ""PK_Images"" on ""Images""  (cost=0.43..264739.96 rows=10197035 width=8) (actual time=0.025..0.153 rows=556 loops=1)"
                                      Heap Fetches: 0
"                                ->  Index Only Scan using ""PK_ImageTag"" on ""ImageTag"" ""ImageTag_2""  (cost=0.57..4728737.09 rows=3947056 width=8) (actual time=0.019..0.220 rows=203 loops=1)"
"                                      Index Cond: (""TagsName"" = 'tag3'::text)"
                                      Heap Fetches: 0
"                          ->  Index Only Scan using ""PK_ImageTag"" on ""ImageTag"" ""ImageTag_1""  (cost=0.57..4.46 rows=17 width=8) (actual time=0.001..0.001 rows=0 loops=203)"
"                                Index Cond: ((""ImagesId"" = ""Images"".""Id"") AND (""TagsName"" = 'tag2'::text))"
                                Heap Fetches: 0
"                    ->  Index Only Scan using ""PK_ImageTag"" on ""ImageTag""  (cost=0.57..4.50 rows=21 width=8) (actual time=0.001..0.001 rows=1 loops=91)"
"                          Index Cond: ((""ImagesId"" = ""Images"".""Id"") AND (""TagsName"" = 'tag1'::text))"
                          Heap Fetches: 0
"              ->  Index Only Scan using ""PK_ImageTag"" on ""ImageTag"" ""ImageTag_3""  (cost=0.57..4.41 rows=12 width=8) (actual time=0.001..0.001 rows=0 loops=57)"
"                    Index Cond: ((""ImagesId"" = ""Images"".""Id"") AND (""TagsName"" = 'tag4'::text))"
                    Heap Fetches: 0
"        ->  Index Only Scan using ""PK_ImageTag"" on ""ImageTag"" ""ImageTag_4""  (cost=0.57..4.40 rows=11 width=8) (actual time=0.001..0.001 rows=0 loops=37)"
"              Index Cond: ((""ImagesId"" = ""Images"".""Id"") AND (""TagsName"" = 'tag5'::text))"
              Heap Fetches: 0
Planning Time: 2.278 ms
Execution Time: 1.115 ms

Limit  (cost=6.96..221.51 rows=20 width=8) (actual time=0.106..1.149 rows=20 loops=1)
  ->  Nested Loop Anti Join  (cost=6.96..11784434.08 rows=1098529 width=8) (actual time=0.105..1.146 rows=20 loops=1)
        ->  Nested Loop Anti Join  (cost=6.39..10734848.40 rows=1131602 width=8) (actual time=0.091..1.079 rows=37 loops=1)
              ->  Nested Loop  (cost=5.82..9687104.62 rows=1165671 width=8) (actual time=0.081..0.971 rows=57 loops=1)
                    ->  Nested Loop  (cost=5.25..8221682.66 rows=1935084 width=24) (actual time=0.055..0.827 rows=91 loops=1)
                          ->  Merge Join  (cost=4.68..5067958.48 rows=3947056 width=16) (actual time=0.036..0.449 rows=203 loops=1)
"                                Merge Cond: (""Images"".""Id"" = ""ImageTag_2"".""ImagesId"")"
"                                ->  Index Only Scan using ""PK_Images"" on ""Images""  (cost=0.43..264739.96 rows=10197035 width=8) (actual time=0.016..0.158 rows=556 loops=1)"
                                      Heap Fetches: 0
"                                ->  Index Only Scan using ""PK_ImageTag"" on ""ImageTag"" ""ImageTag_2""  (cost=0.57..4728737.09 rows=3947056 width=8) (actual time=0.012..0.229 rows=203 loops=1)"
"                                      Index Cond: (""TagsName"" = 'tag3'::text)"
                                      Heap Fetches: 0
"                          ->  Index Only Scan using ""PK_ImageTag"" on ""ImageTag"" ""ImageTag_1""  (cost=0.57..4.46 rows=17 width=8) (actual time=0.002..0.002 rows=0 loops=203)"
"                                Index Cond: ((""ImagesId"" = ""Images"".""Id"") AND (""TagsName"" = 'tag2'::text))"
                                Heap Fetches: 0
"                    ->  Index Only Scan using ""PK_ImageTag"" on ""ImageTag""  (cost=0.57..4.50 rows=21 width=8) (actual time=0.001..0.001 rows=1 loops=91)"
"                          Index Cond: ((""ImagesId"" = ""Images"".""Id"") AND (""TagsName"" = 'tag1'::text))"
                          Heap Fetches: 0
"              ->  Index Only Scan using ""PK_ImageTag"" on ""ImageTag"" ""ImageTag_3""  (cost=0.57..4.41 rows=12 width=8) (actual time=0.002..0.002 rows=0 loops=57)"
"                    Index Cond: ((""ImagesId"" = ""Images"".""Id"") AND (""TagsName"" = 'tag4'::text))"
                    Heap Fetches: 0
"        ->  Index Only Scan using ""PK_ImageTag"" on ""ImageTag"" ""ImageTag_4""  (cost=0.57..4.40 rows=11 width=8) (actual time=0.002..0.002 rows=0 loops=37)"
"              Index Cond: ((""ImagesId"" = ""Images"".""Id"") AND (""TagsName"" = 'tag5'::text))"
              Heap Fetches: 0
Planning Time: 2.408 ms
Execution Time: 1.264 ms

Page 100:
Limit  (cost=76957.26..77726.80 rows=20 width=807) (actual time=79.286..80.370 rows=20 loops=1)
  ->  Nested Loop Anti Join  (cost=3.29..42268087.53 rows=1098529 width=807) (actual time=0.094..80.312 rows=2020 loops=1)
        ->  Nested Loop Anti Join  (cost=2.72..41218501.85 rows=1131602 width=807) (actual time=0.084..76.361 rows=3088 loops=1)
              ->  Nested Loop  (cost=2.15..40170758.07 rows=1165671 width=807) (actual time=0.068..70.067 rows=4856 loops=1)
                    ->  Nested Loop  (cost=1.58..38705336.11 rows=1935084 width=823) (actual time=0.047..59.456 rows=8158 loops=1)
                          ->  Nested Loop  (cost=1.01..35551611.93 rows=3947056 width=815) (actual time=0.032..39.015 rows=15830 loops=1)
"                                ->  Index Only Scan using ""PK_ImageTag"" on ""ImageTag"" ""ImageTag_2""  (cost=0.57..4728737.09 rows=3947056 width=8) (actual time=0.019..15.549 rows=15830 loops=1)"
"                                      Index Cond: (""TagsName"" = 'tag3'::text)"
                                      Heap Fetches: 0
"                                ->  Index Scan using ""PK_Images"" on ""Images""  (cost=0.43..7.81 rows=1 width=807) (actual time=0.001..0.001 rows=1 loops=15830)"
"                                      Index Cond: (""Id"" = ""ImageTag_2"".""ImagesId"")"
"                          ->  Index Only Scan using ""PK_ImageTag"" on ""ImageTag"" ""ImageTag_1""  (cost=0.57..4.46 rows=17 width=8) (actual time=0.001..0.001 rows=1 loops=15830)"
"                                Index Cond: ((""ImagesId"" = ""Images"".""Id"") AND (""TagsName"" = 'tag2'::text))"
                                Heap Fetches: 0
"                    ->  Index Only Scan using ""PK_ImageTag"" on ""ImageTag""  (cost=0.57..4.50 rows=21 width=8) (actual time=0.001..0.001 rows=1 loops=8158)"
"                          Index Cond: ((""ImagesId"" = ""Images"".""Id"") AND (""TagsName"" = 'tag1'::text))"
                          Heap Fetches: 0
"              ->  Index Only Scan using ""PK_ImageTag"" on ""ImageTag"" ""ImageTag_3""  (cost=0.57..4.41 rows=12 width=8) (actual time=0.001..0.001 rows=0 loops=4856)"
"                    Index Cond: ((""ImagesId"" = ""Images"".""Id"") AND (""TagsName"" = 'tag4'::text))"
                    Heap Fetches: 0
"        ->  Index Only Scan using ""PK_ImageTag"" on ""ImageTag"" ""ImageTag_4""  (cost=0.57..4.40 rows=11 width=8) (actual time=0.001..0.001 rows=0 loops=3088)"
"              Index Cond: ((""ImagesId"" = ""Images"".""Id"") AND (""TagsName"" = 'tag5'::text))"
              Heap Fetches: 0
Planning Time: 2.114 ms
Execution Time: 80.513 ms

Limit  (cost=76957.26..77726.80 rows=20 width=807) (actual time=82.625..83.670 rows=20 loops=1)
  ->  Nested Loop Anti Join  (cost=3.29..42268087.53 rows=1098529 width=807) (actual time=0.099..83.610 rows=2020 loops=1)
        ->  Nested Loop Anti Join  (cost=2.72..41218501.85 rows=1131602 width=807) (actual time=0.088..79.484 rows=3088 loops=1)
              ->  Nested Loop  (cost=2.15..40170758.07 rows=1165671 width=807) (actual time=0.074..72.999 rows=4856 loops=1)
                    ->  Nested Loop  (cost=1.58..38705336.11 rows=1935084 width=823) (actual time=0.050..61.955 rows=8158 loops=1)
                          ->  Nested Loop  (cost=1.01..35551611.93 rows=3947056 width=815) (actual time=0.035..40.705 rows=15830 loops=1)
"                                ->  Index Only Scan using ""PK_ImageTag"" on ""ImageTag"" ""ImageTag_2""  (cost=0.57..4728737.09 rows=3947056 width=8) (actual time=0.020..16.006 rows=15830 loops=1)"
"                                      Index Cond: (""TagsName"" = 'tag3'::text)"
                                      Heap Fetches: 0
"                                ->  Index Scan using ""PK_Images"" on ""Images""  (cost=0.43..7.81 rows=1 width=807) (actual time=0.001..0.001 rows=1 loops=15830)"
"                                      Index Cond: (""Id"" = ""ImageTag_2"".""ImagesId"")"
"                          ->  Index Only Scan using ""PK_ImageTag"" on ""ImageTag"" ""ImageTag_1""  (cost=0.57..4.46 rows=17 width=8) (actual time=0.001..0.001 rows=1 loops=15830)"
"                                Index Cond: ((""ImagesId"" = ""Images"".""Id"") AND (""TagsName"" = 'tag2'::text))"
                                Heap Fetches: 0
"                    ->  Index Only Scan using ""PK_ImageTag"" on ""ImageTag""  (cost=0.57..4.50 rows=21 width=8) (actual time=0.001..0.001 rows=1 loops=8158)"
"                          Index Cond: ((""ImagesId"" = ""Images"".""Id"") AND (""TagsName"" = 'tag1'::text))"
                          Heap Fetches: 0
"              ->  Index Only Scan using ""PK_ImageTag"" on ""ImageTag"" ""ImageTag_3""  (cost=0.57..4.41 rows=12 width=8) (actual time=0.001..0.001 rows=0 loops=4856)"
"                    Index Cond: ((""ImagesId"" = ""Images"".""Id"") AND (""TagsName"" = 'tag4'::text))"
                    Heap Fetches: 0
"        ->  Index Only Scan using ""PK_ImageTag"" on ""ImageTag"" ""ImageTag_4""  (cost=0.57..4.40 rows=11 width=8) (actual time=0.001..0.001 rows=0 loops=3088)"
"              Index Cond: ((""ImagesId"" = ""Images"".""Id"") AND (""TagsName"" = 'tag5'::text))"
              Heap Fetches: 0
Planning Time: 2.055 ms
Execution Time: 83.819 ms

Limit  (cost=76957.26..77726.80 rows=20 width=807) (actual time=80.821..81.866 rows=20 loops=1)
  ->  Nested Loop Anti Join  (cost=3.29..42268087.53 rows=1098529 width=807) (actual time=0.098..81.807 rows=2020 loops=1)
        ->  Nested Loop Anti Join  (cost=2.72..41218501.85 rows=1131602 width=807) (actual time=0.087..77.769 rows=3088 loops=1)
              ->  Nested Loop  (cost=2.15..40170758.07 rows=1165671 width=807) (actual time=0.074..71.385 rows=4856 loops=1)
                    ->  Nested Loop  (cost=1.58..38705336.11 rows=1935084 width=823) (actual time=0.052..60.636 rows=8158 loops=1)
                          ->  Nested Loop  (cost=1.01..35551611.93 rows=3947056 width=815) (actual time=0.035..39.771 rows=15830 loops=1)
"                                ->  Index Only Scan using ""PK_ImageTag"" on ""ImageTag"" ""ImageTag_2""  (cost=0.57..4728737.09 rows=3947056 width=8) (actual time=0.021..15.735 rows=15830 loops=1)"
"                                      Index Cond: (""TagsName"" = 'tag3'::text)"
                                      Heap Fetches: 0
"                                ->  Index Scan using ""PK_Images"" on ""Images""  (cost=0.43..7.81 rows=1 width=807) (actual time=0.001..0.001 rows=1 loops=15830)"
"                                      Index Cond: (""Id"" = ""ImageTag_2"".""ImagesId"")"
"                          ->  Index Only Scan using ""PK_ImageTag"" on ""ImageTag"" ""ImageTag_1""  (cost=0.57..4.46 rows=17 width=8) (actual time=0.001..0.001 rows=1 loops=15830)"
"                                Index Cond: ((""ImagesId"" = ""Images"".""Id"") AND (""TagsName"" = 'tag2'::text))"
                                Heap Fetches: 0
"                    ->  Index Only Scan using ""PK_ImageTag"" on ""ImageTag""  (cost=0.57..4.50 rows=21 width=8) (actual time=0.001..0.001 rows=1 loops=8158)"
"                          Index Cond: ((""ImagesId"" = ""Images"".""Id"") AND (""TagsName"" = 'tag1'::text))"
                          Heap Fetches: 0
"              ->  Index Only Scan using ""PK_ImageTag"" on ""ImageTag"" ""ImageTag_3""  (cost=0.57..4.41 rows=12 width=8) (actual time=0.001..0.001 rows=0 loops=4856)"
"                    Index Cond: ((""ImagesId"" = ""Images"".""Id"") AND (""TagsName"" = 'tag4'::text))"
                    Heap Fetches: 0
"        ->  Index Only Scan using ""PK_ImageTag"" on ""ImageTag"" ""ImageTag_4""  (cost=0.57..4.40 rows=11 width=8) (actual time=0.001..0.001 rows=0 loops=3088)"
"              Index Cond: ((""ImagesId"" = ""Images"".""Id"") AND (""TagsName"" = 'tag5'::text))"
              Heap Fetches: 0
Planning Time: 1.984 ms
Execution Time: 82.020 ms

Limit  (cost=76957.26..77726.80 rows=20 width=807) (actual time=83.460..84.518 rows=20 loops=1)
  ->  Nested Loop Anti Join  (cost=3.29..42268087.53 rows=1098529 width=807) (actual time=0.097..84.459 rows=2020 loops=1)
        ->  Nested Loop Anti Join  (cost=2.72..41218501.85 rows=1131602 width=807) (actual time=0.087..80.330 rows=3088 loops=1)
              ->  Nested Loop  (cost=2.15..40170758.07 rows=1165671 width=807) (actual time=0.074..73.776 rows=4856 loops=1)
                    ->  Nested Loop  (cost=1.58..38705336.11 rows=1935084 width=823) (actual time=0.052..62.732 rows=8158 loops=1)
                          ->  Nested Loop  (cost=1.01..35551611.93 rows=3947056 width=815) (actual time=0.037..41.356 rows=15830 loops=1)
"                                ->  Index Only Scan using ""PK_ImageTag"" on ""ImageTag"" ""ImageTag_2""  (cost=0.57..4728737.09 rows=3947056 width=8) (actual time=0.022..16.271 rows=15830 loops=1)"
"                                      Index Cond: (""TagsName"" = 'tag3'::text)"
                                      Heap Fetches: 0
"                                ->  Index Scan using ""PK_Images"" on ""Images""  (cost=0.43..7.81 rows=1 width=807) (actual time=0.001..0.001 rows=1 loops=15830)"
"                                      Index Cond: (""Id"" = ""ImageTag_2"".""ImagesId"")"
"                          ->  Index Only Scan using ""PK_ImageTag"" on ""ImageTag"" ""ImageTag_1""  (cost=0.57..4.46 rows=17 width=8) (actual time=0.001..0.001 rows=1 loops=15830)"
"                                Index Cond: ((""ImagesId"" = ""Images"".""Id"") AND (""TagsName"" = 'tag2'::text))"
                                Heap Fetches: 0
"                    ->  Index Only Scan using ""PK_ImageTag"" on ""ImageTag""  (cost=0.57..4.50 rows=21 width=8) (actual time=0.001..0.001 rows=1 loops=8158)"
"                          Index Cond: ((""ImagesId"" = ""Images"".""Id"") AND (""TagsName"" = 'tag1'::text))"
                          Heap Fetches: 0
"              ->  Index Only Scan using ""PK_ImageTag"" on ""ImageTag"" ""ImageTag_3""  (cost=0.57..4.41 rows=12 width=8) (actual time=0.001..0.001 rows=0 loops=4856)"
"                    Index Cond: ((""ImagesId"" = ""Images"".""Id"") AND (""TagsName"" = 'tag4'::text))"
                    Heap Fetches: 0
"        ->  Index Only Scan using ""PK_ImageTag"" on ""ImageTag"" ""ImageTag_4""  (cost=0.57..4.40 rows=11 width=8) (actual time=0.001..0.001 rows=0 loops=3088)"
"              Index Cond: ((""ImagesId"" = ""Images"".""Id"") AND (""TagsName"" = 'tag5'::text))"
              Heap Fetches: 0
Planning Time: 2.020 ms
Execution Time: 84.669 ms

Limit  (cost=76957.26..77726.80 rows=20 width=807) (actual time=83.761..84.846 rows=20 loops=1)
  ->  Nested Loop Anti Join  (cost=3.29..42268087.53 rows=1098529 width=807) (actual time=0.097..84.787 rows=2020 loops=1)
        ->  Nested Loop Anti Join  (cost=2.72..41218501.85 rows=1131602 width=807) (actual time=0.085..80.646 rows=3088 loops=1)
              ->  Nested Loop  (cost=2.15..40170758.07 rows=1165671 width=807) (actual time=0.070..74.082 rows=4856 loops=1)
                    ->  Nested Loop  (cost=1.58..38705336.11 rows=1935084 width=823) (actual time=0.050..62.959 rows=8158 loops=1)
                          ->  Nested Loop  (cost=1.01..35551611.93 rows=3947056 width=815) (actual time=0.035..41.422 rows=15830 loops=1)
"                                ->  Index Only Scan using ""PK_ImageTag"" on ""ImageTag"" ""ImageTag_2""  (cost=0.57..4728737.09 rows=3947056 width=8) (actual time=0.021..16.328 rows=15830 loops=1)"
"                                      Index Cond: (""TagsName"" = 'tag3'::text)"
                                      Heap Fetches: 0
"                                ->  Index Scan using ""PK_Images"" on ""Images""  (cost=0.43..7.81 rows=1 width=807) (actual time=0.001..0.001 rows=1 loops=15830)"
"                                      Index Cond: (""Id"" = ""ImageTag_2"".""ImagesId"")"
"                          ->  Index Only Scan using ""PK_ImageTag"" on ""ImageTag"" ""ImageTag_1""  (cost=0.57..4.46 rows=17 width=8) (actual time=0.001..0.001 rows=1 loops=15830)"
"                                Index Cond: ((""ImagesId"" = ""Images"".""Id"") AND (""TagsName"" = 'tag2'::text))"
                                Heap Fetches: 0
"                    ->  Index Only Scan using ""PK_ImageTag"" on ""ImageTag""  (cost=0.57..4.50 rows=21 width=8) (actual time=0.001..0.001 rows=1 loops=8158)"
"                          Index Cond: ((""ImagesId"" = ""Images"".""Id"") AND (""TagsName"" = 'tag1'::text))"
                          Heap Fetches: 0
"              ->  Index Only Scan using ""PK_ImageTag"" on ""ImageTag"" ""ImageTag_3""  (cost=0.57..4.41 rows=12 width=8) (actual time=0.001..0.001 rows=0 loops=4856)"
"                    Index Cond: ((""ImagesId"" = ""Images"".""Id"") AND (""TagsName"" = 'tag4'::text))"
                    Heap Fetches: 0
"        ->  Index Only Scan using ""PK_ImageTag"" on ""ImageTag"" ""ImageTag_4""  (cost=0.57..4.40 rows=11 width=8) (actual time=0.001..0.001 rows=0 loops=3088)"
"              Index Cond: ((""ImagesId"" = ""Images"".""Id"") AND (""TagsName"" = 'tag5'::text))"
              Heap Fetches: 0
Planning Time: 2.256 ms
Execution Time: 84.987 ms

Page 1000:
Limit  (cost=769542.99..770312.53 rows=20 width=807) (actual time=3210.172..3211.291 rows=20 loops=1)
  ->  Nested Loop Anti Join  (cost=3.29..42268087.53 rows=1098529 width=807) (actual time=0.129..3104.861 rows=20020 loops=1)
        ->  Nested Loop Anti Join  (cost=2.72..41218501.85 rows=1131602 width=807) (actual time=0.112..3063.735 rows=30502 loops=1)
              ->  Nested Loop  (cost=2.15..40170758.07 rows=1165671 width=807) (actual time=0.099..2998.342 rows=47727 loops=1)
                    ->  Nested Loop  (cost=1.58..38705336.11 rows=1935084 width=823) (actual time=0.071..2888.618 rows=79914 loops=1)
                          ->  Nested Loop  (cost=1.01..35551611.93 rows=3947056 width=815) (actual time=0.049..2661.132 rows=154985 loops=1)
"                                ->  Index Only Scan using ""PK_ImageTag"" on ""ImageTag"" ""ImageTag_2""  (cost=0.57..4728737.09 rows=3947056 width=8) (actual time=0.026..300.706 rows=154985 loops=1)"
"                                      Index Cond: (""TagsName"" = 'tag3'::text)"
                                      Heap Fetches: 0
"                                ->  Index Scan using ""PK_Images"" on ""Images""  (cost=0.43..7.81 rows=1 width=807) (actual time=0.015..0.015 rows=1 loops=154985)"
"                                      Index Cond: (""Id"" = ""ImageTag_2"".""ImagesId"")"
"                          ->  Index Only Scan using ""PK_ImageTag"" on ""ImageTag"" ""ImageTag_1""  (cost=0.57..4.46 rows=17 width=8) (actual time=0.001..0.001 rows=1 loops=154985)"
"                                Index Cond: ((""ImagesId"" = ""Images"".""Id"") AND (""TagsName"" = 'tag2'::text))"
                                Heap Fetches: 0
"                    ->  Index Only Scan using ""PK_ImageTag"" on ""ImageTag""  (cost=0.57..4.50 rows=21 width=8) (actual time=0.001..0.001 rows=1 loops=79914)"
"                          Index Cond: ((""ImagesId"" = ""Images"".""Id"") AND (""TagsName"" = 'tag1'::text))"
                          Heap Fetches: 0
"              ->  Index Only Scan using ""PK_ImageTag"" on ""ImageTag"" ""ImageTag_3""  (cost=0.57..4.41 rows=12 width=8) (actual time=0.001..0.001 rows=0 loops=47727)"
"                    Index Cond: ((""ImagesId"" = ""Images"".""Id"") AND (""TagsName"" = 'tag4'::text))"
                    Heap Fetches: 0
"        ->  Index Only Scan using ""PK_ImageTag"" on ""ImageTag"" ""ImageTag_4""  (cost=0.57..4.40 rows=11 width=8) (actual time=0.001..0.001 rows=0 loops=30502)"
"              Index Cond: ((""ImagesId"" = ""Images"".""Id"") AND (""TagsName"" = 'tag5'::text))"
              Heap Fetches: 0
Planning Time: 2.007 ms
JIT:
  Functions: 20
"  Options: Inlining true, Optimization true, Expressions true, Deforming true"
"  Timing: Generation 1.123 ms, Inlining 11.009 ms, Optimization 49.740 ms, Emission 44.956 ms, Total 106.828 ms"
Execution Time: 3212.661 ms

Limit  (cost=769542.99..770312.53 rows=20 width=807) (actual time=1087.882..1088.703 rows=20 loops=1)
  ->  Nested Loop Anti Join  (cost=3.29..42268087.53 rows=1098529 width=807) (actual time=0.140..981.697 rows=20020 loops=1)
        ->  Nested Loop Anti Join  (cost=2.72..41218501.85 rows=1131602 width=807) (actual time=0.122..942.418 rows=30502 loops=1)
              ->  Nested Loop  (cost=2.15..40170758.07 rows=1165671 width=807) (actual time=0.108..879.456 rows=47727 loops=1)
                    ->  Nested Loop  (cost=1.58..38705336.11 rows=1935084 width=823) (actual time=0.074..773.636 rows=79914 loops=1)
                          ->  Nested Loop  (cost=1.01..35551611.93 rows=3947056 width=815) (actual time=0.055..565.891 rows=154985 loops=1)
"                                ->  Index Only Scan using ""PK_ImageTag"" on ""ImageTag"" ""ImageTag_2""  (cost=0.57..4728737.09 rows=3947056 width=8) (actual time=0.027..214.047 rows=154985 loops=1)"
"                                      Index Cond: (""TagsName"" = 'tag3'::text)"
                                      Heap Fetches: 0
"                                ->  Index Scan using ""PK_Images"" on ""Images""  (cost=0.43..7.81 rows=1 width=807) (actual time=0.002..0.002 rows=1 loops=154985)"
"                                      Index Cond: (""Id"" = ""ImageTag_2"".""ImagesId"")"
"                          ->  Index Only Scan using ""PK_ImageTag"" on ""ImageTag"" ""ImageTag_1""  (cost=0.57..4.46 rows=17 width=8) (actual time=0.001..0.001 rows=1 loops=154985)"
"                                Index Cond: ((""ImagesId"" = ""Images"".""Id"") AND (""TagsName"" = 'tag2'::text))"
                                Heap Fetches: 0
"                    ->  Index Only Scan using ""PK_ImageTag"" on ""ImageTag""  (cost=0.57..4.50 rows=21 width=8) (actual time=0.001..0.001 rows=1 loops=79914)"
"                          Index Cond: ((""ImagesId"" = ""Images"".""Id"") AND (""TagsName"" = 'tag1'::text))"
                          Heap Fetches: 0
"              ->  Index Only Scan using ""PK_ImageTag"" on ""ImageTag"" ""ImageTag_3""  (cost=0.57..4.41 rows=12 width=8) (actual time=0.001..0.001 rows=0 loops=47727)"
"                    Index Cond: ((""ImagesId"" = ""Images"".""Id"") AND (""TagsName"" = 'tag4'::text))"
                    Heap Fetches: 0
"        ->  Index Only Scan using ""PK_ImageTag"" on ""ImageTag"" ""ImageTag_4""  (cost=0.57..4.40 rows=11 width=8) (actual time=0.001..0.001 rows=0 loops=30502)"
"              Index Cond: ((""ImagesId"" = ""Images"".""Id"") AND (""TagsName"" = 'tag5'::text))"
              Heap Fetches: 0
Planning Time: 2.030 ms
JIT:
  Functions: 20
"  Options: Inlining true, Optimization true, Expressions true, Deforming true"
"  Timing: Generation 0.789 ms, Inlining 10.874 ms, Optimization 51.780 ms, Emission 43.780 ms, Total 107.224 ms"
Execution Time: 1089.696 ms

Limit  (cost=769542.99..770312.53 rows=20 width=807) (actual time=1123.110..1123.982 rows=20 loops=1)
  ->  Nested Loop Anti Join  (cost=3.29..42268087.53 rows=1098529 width=807) (actual time=0.139..1015.563 rows=20020 loops=1)
        ->  Nested Loop Anti Join  (cost=2.72..41218501.85 rows=1131602 width=807) (actual time=0.122..975.362 rows=30502 loops=1)
              ->  Nested Loop  (cost=2.15..40170758.07 rows=1165671 width=807) (actual time=0.104..910.787 rows=47727 loops=1)
                    ->  Nested Loop  (cost=1.58..38705336.11 rows=1935084 width=823) (actual time=0.073..802.934 rows=79914 loops=1)
                          ->  Nested Loop  (cost=1.01..35551611.93 rows=3947056 width=815) (actual time=0.057..590.048 rows=154985 loops=1)
"                                ->  Index Only Scan using ""PK_ImageTag"" on ""ImageTag"" ""ImageTag_2""  (cost=0.57..4728737.09 rows=3947056 width=8) (actual time=0.027..221.247 rows=154985 loops=1)"
"                                      Index Cond: (""TagsName"" = 'tag3'::text)"
                                      Heap Fetches: 0
"                                ->  Index Scan using ""PK_Images"" on ""Images""  (cost=0.43..7.81 rows=1 width=807) (actual time=0.002..0.002 rows=1 loops=154985)"
"                                      Index Cond: (""Id"" = ""ImageTag_2"".""ImagesId"")"
"                          ->  Index Only Scan using ""PK_ImageTag"" on ""ImageTag"" ""ImageTag_1""  (cost=0.57..4.46 rows=17 width=8) (actual time=0.001..0.001 rows=1 loops=154985)"
"                                Index Cond: ((""ImagesId"" = ""Images"".""Id"") AND (""TagsName"" = 'tag2'::text))"
                                Heap Fetches: 0
"                    ->  Index Only Scan using ""PK_ImageTag"" on ""ImageTag""  (cost=0.57..4.50 rows=21 width=8) (actual time=0.001..0.001 rows=1 loops=79914)"
"                          Index Cond: ((""ImagesId"" = ""Images"".""Id"") AND (""TagsName"" = 'tag1'::text))"
                          Heap Fetches: 0
"              ->  Index Only Scan using ""PK_ImageTag"" on ""ImageTag"" ""ImageTag_3""  (cost=0.57..4.41 rows=12 width=8) (actual time=0.001..0.001 rows=0 loops=47727)"
"                    Index Cond: ((""ImagesId"" = ""Images"".""Id"") AND (""TagsName"" = 'tag4'::text))"
                    Heap Fetches: 0
"        ->  Index Only Scan using ""PK_ImageTag"" on ""ImageTag"" ""ImageTag_4""  (cost=0.57..4.40 rows=11 width=8) (actual time=0.001..0.001 rows=0 loops=30502)"
"              Index Cond: ((""ImagesId"" = ""Images"".""Id"") AND (""TagsName"" = 'tag5'::text))"
              Heap Fetches: 0
Planning Time: 2.309 ms
JIT:
  Functions: 20
"  Options: Inlining true, Optimization true, Expressions true, Deforming true"
"  Timing: Generation 1.182 ms, Inlining 11.749 ms, Optimization 49.802 ms, Emission 46.287 ms, Total 109.020 ms"
Execution Time: 1125.384 ms

Limit  (cost=769542.99..770312.53 rows=20 width=807) (actual time=1099.390..1100.237 rows=20 loops=1)
  ->  Nested Loop Anti Join  (cost=3.29..42268087.53 rows=1098529 width=807) (actual time=0.142..992.728 rows=20020 loops=1)
        ->  Nested Loop Anti Join  (cost=2.72..41218501.85 rows=1131602 width=807) (actual time=0.125..953.416 rows=30502 loops=1)
              ->  Nested Loop  (cost=2.15..40170758.07 rows=1165671 width=807) (actual time=0.110..890.236 rows=47727 loops=1)
                    ->  Nested Loop  (cost=1.58..38705336.11 rows=1935084 width=823) (actual time=0.079..784.823 rows=79914 loops=1)
                          ->  Nested Loop  (cost=1.01..35551611.93 rows=3947056 width=815) (actual time=0.061..576.678 rows=154985 loops=1)
"                                ->  Index Only Scan using ""PK_ImageTag"" on ""ImageTag"" ""ImageTag_2""  (cost=0.57..4728737.09 rows=3947056 width=8) (actual time=0.028..216.257 rows=154985 loops=1)"
"                                      Index Cond: (""TagsName"" = 'tag3'::text)"
                                      Heap Fetches: 0
"                                ->  Index Scan using ""PK_Images"" on ""Images""  (cost=0.43..7.81 rows=1 width=807) (actual time=0.002..0.002 rows=1 loops=154985)"
"                                      Index Cond: (""Id"" = ""ImageTag_2"".""ImagesId"")"
"                          ->  Index Only Scan using ""PK_ImageTag"" on ""ImageTag"" ""ImageTag_1""  (cost=0.57..4.46 rows=17 width=8) (actual time=0.001..0.001 rows=1 loops=154985)"
"                                Index Cond: ((""ImagesId"" = ""Images"".""Id"") AND (""TagsName"" = 'tag2'::text))"
                                Heap Fetches: 0
"                    ->  Index Only Scan using ""PK_ImageTag"" on ""ImageTag""  (cost=0.57..4.50 rows=21 width=8) (actual time=0.001..0.001 rows=1 loops=79914)"
"                          Index Cond: ((""ImagesId"" = ""Images"".""Id"") AND (""TagsName"" = 'tag1'::text))"
                          Heap Fetches: 0
"              ->  Index Only Scan using ""PK_ImageTag"" on ""ImageTag"" ""ImageTag_3""  (cost=0.57..4.41 rows=12 width=8) (actual time=0.001..0.001 rows=0 loops=47727)"
"                    Index Cond: ((""ImagesId"" = ""Images"".""Id"") AND (""TagsName"" = 'tag4'::text))"
                    Heap Fetches: 0
"        ->  Index Only Scan using ""PK_ImageTag"" on ""ImageTag"" ""ImageTag_4""  (cost=0.57..4.40 rows=11 width=8) (actual time=0.001..0.001 rows=0 loops=30502)"
"              Index Cond: ((""ImagesId"" = ""Images"".""Id"") AND (""TagsName"" = 'tag5'::text))"
              Heap Fetches: 0
Planning Time: 2.061 ms
JIT:
  Functions: 20
"  Options: Inlining true, Optimization true, Expressions true, Deforming true"
"  Timing: Generation 0.806 ms, Inlining 10.935 ms, Optimization 51.702 ms, Emission 44.293 ms, Total 107.736 ms"
Execution Time: 1101.255 ms

Limit  (cost=769542.99..770312.53 rows=20 width=807) (actual time=1126.513..1127.352 rows=20 loops=1)
  ->  Nested Loop Anti Join  (cost=3.29..42268087.53 rows=1098529 width=807) (actual time=0.149..1018.170 rows=20020 loops=1)
        ->  Nested Loop Anti Join  (cost=2.72..41218501.85 rows=1131602 width=807) (actual time=0.134..977.903 rows=30502 loops=1)
              ->  Nested Loop  (cost=2.15..40170758.07 rows=1165671 width=807) (actual time=0.118..913.413 rows=47727 loops=1)
                    ->  Nested Loop  (cost=1.58..38705336.11 rows=1935084 width=823) (actual time=0.084..804.997 rows=79914 loops=1)
                          ->  Nested Loop  (cost=1.01..35551611.93 rows=3947056 width=815) (actual time=0.062..591.155 rows=154985 loops=1)
"                                ->  Index Only Scan using ""PK_ImageTag"" on ""ImageTag"" ""ImageTag_2""  (cost=0.57..4728737.09 rows=3947056 width=8) (actual time=0.029..222.247 rows=154985 loops=1)"
"                                      Index Cond: (""TagsName"" = 'tag3'::text)"
                                      Heap Fetches: 0
"                                ->  Index Scan using ""PK_Images"" on ""Images""  (cost=0.43..7.81 rows=1 width=807) (actual time=0.002..0.002 rows=1 loops=154985)"
"                                      Index Cond: (""Id"" = ""ImageTag_2"".""ImagesId"")"
"                          ->  Index Only Scan using ""PK_ImageTag"" on ""ImageTag"" ""ImageTag_1""  (cost=0.57..4.46 rows=17 width=8) (actual time=0.001..0.001 rows=1 loops=154985)"
"                                Index Cond: ((""ImagesId"" = ""Images"".""Id"") AND (""TagsName"" = 'tag2'::text))"
                                Heap Fetches: 0
"                    ->  Index Only Scan using ""PK_ImageTag"" on ""ImageTag""  (cost=0.57..4.50 rows=21 width=8) (actual time=0.001..0.001 rows=1 loops=79914)"
"                          Index Cond: ((""ImagesId"" = ""Images"".""Id"") AND (""TagsName"" = 'tag1'::text))"
                          Heap Fetches: 0
"              ->  Index Only Scan using ""PK_ImageTag"" on ""ImageTag"" ""ImageTag_3""  (cost=0.57..4.41 rows=12 width=8) (actual time=0.001..0.001 rows=0 loops=47727)"
"                    Index Cond: ((""ImagesId"" = ""Images"".""Id"") AND (""TagsName"" = 'tag4'::text))"
                    Heap Fetches: 0
"        ->  Index Only Scan using ""PK_ImageTag"" on ""ImageTag"" ""ImageTag_4""  (cost=0.57..4.40 rows=11 width=8) (actual time=0.001..0.001 rows=0 loops=30502)"
"              Index Cond: ((""ImagesId"" = ""Images"".""Id"") AND (""TagsName"" = 'tag5'::text))"
              Heap Fetches: 0
Planning Time: 2.190 ms
JIT:
  Functions: 20
"  Options: Inlining true, Optimization true, Expressions true, Deforming true"
"  Timing: Generation 0.860 ms, Inlining 12.516 ms, Optimization 51.016 ms, Emission 45.050 ms, Total 109.441 ms"
Execution Time: 1128.422 ms

Page 10000:
Above 60000ms.

2 least common:

EXPLAIN ANALYZE SELECT * FROM "Images"
                WHERE EXISTS (SELECT "TagsName" FROM "ImageTag" WHERE "ImagesId" = "Images"."Id" AND "TagsName" = 'tag39999')
                AND EXISTS (SELECT "TagsName" FROM "ImageTag" WHERE "ImagesId" = "Images"."Id" AND "TagsName" = 'tag40000')
                ORDER BY "Id"
                OFFSET 0 * 20
                    LIMIT 20;

Limit  (cost=94521.02..94523.36 rows=20 width=807) (actual time=22.045..24.749 rows=0 loops=1)
  ->  Gather Merge  (cost=94521.02..94523.59 rows=22 width=807) (actual time=22.044..24.747 rows=0 loops=1)
        Workers Planned: 2
        Workers Launched: 2
        ->  Sort  (cost=93521.00..93521.03 rows=11 width=807) (actual time=7.413..7.414 rows=0 loops=3)
"              Sort Key: ""Images"".""Id"""
              Sort Method: quicksort  Memory: 25kB
              Worker 0:  Sort Method: quicksort  Memory: 25kB
              Worker 1:  Sort Method: quicksort  Memory: 25kB
              ->  Nested Loop  (cost=188.71..93520.81 rows=11 width=807) (actual time=7.258..7.258 rows=0 loops=3)
                    ->  Nested Loop  (cost=188.27..90564.82 rows=376 width=16) (actual time=7.257..7.258 rows=0 loops=3)
"                          ->  Parallel Bitmap Heap Scan on ""ImageTag""  (cost=187.70..59458.84 rows=6835 width=8) (actual time=0.353..2.056 rows=32 loops=3)"
"                                Recheck Cond: (""TagsName"" = 'tag39999'::text)"
                                Heap Blocks: exact=95
"                                ->  Bitmap Index Scan on ""IX_ImageTag_TagsName""  (cost=0.00..183.60 rows=16404 width=0) (actual time=0.839..0.839 rows=95 loops=1)"
"                                      Index Cond: (""TagsName"" = 'tag39999'::text)"
"                          ->  Index Only Scan using ""PK_ImageTag"" on ""ImageTag"" ""ImageTag_1""  (cost=0.57..4.55 rows=1 width=8) (actual time=0.164..0.164 rows=0 loops=95)"
"                                Index Cond: ((""ImagesId"" = ""ImageTag"".""ImagesId"") AND (""TagsName"" = 'tag40000'::text))"
                                Heap Fetches: 0
"                    ->  Index Scan using ""PK_Images"" on ""Images""  (cost=0.43..7.86 rows=1 width=807) (never executed)"
"                          Index Cond: (""Id"" = ""ImageTag"".""ImagesId"")"
Planning Time: 243.888 ms
Execution Time: 24.846 ms

Limit  (cost=94521.02..94523.36 rows=20 width=807) (actual time=16.055..19.096 rows=0 loops=1)
  ->  Gather Merge  (cost=94521.02..94523.59 rows=22 width=807) (actual time=16.054..19.094 rows=0 loops=1)
        Workers Planned: 2
        Workers Launched: 2
        ->  Sort  (cost=93521.00..93521.03 rows=11 width=807) (actual time=0.378..0.379 rows=0 loops=3)
"              Sort Key: ""Images"".""Id"""
              Sort Method: quicksort  Memory: 25kB
              Worker 0:  Sort Method: quicksort  Memory: 25kB
              Worker 1:  Sort Method: quicksort  Memory: 25kB
              ->  Nested Loop  (cost=188.71..93520.81 rows=11 width=807) (actual time=0.341..0.342 rows=0 loops=3)
                    ->  Nested Loop  (cost=188.27..90564.82 rows=376 width=16) (actual time=0.341..0.341 rows=0 loops=3)
"                          ->  Parallel Bitmap Heap Scan on ""ImageTag""  (cost=187.70..59458.84 rows=6835 width=8) (actual time=0.139..0.175 rows=32 loops=3)"
"                                Recheck Cond: (""TagsName"" = 'tag39999'::text)"
                                Heap Blocks: exact=95
"                                ->  Bitmap Index Scan on ""IX_ImageTag_TagsName""  (cost=0.00..183.60 rows=16404 width=0) (actual time=0.372..0.372 rows=95 loops=1)"
"                                      Index Cond: (""TagsName"" = 'tag39999'::text)"
"                          ->  Index Only Scan using ""PK_ImageTag"" on ""ImageTag"" ""ImageTag_1""  (cost=0.57..4.55 rows=1 width=8) (actual time=0.005..0.005 rows=0 loops=95)"
"                                Index Cond: ((""ImagesId"" = ""ImageTag"".""ImagesId"") AND (""TagsName"" = 'tag40000'::text))"
                                Heap Fetches: 0
"                    ->  Index Scan using ""PK_Images"" on ""Images""  (cost=0.43..7.86 rows=1 width=807) (never executed)"
"                          Index Cond: (""Id"" = ""ImageTag"".""ImagesId"")"
Planning Time: 0.581 ms
Execution Time: 19.200 ms

Limit  (cost=94521.02..94523.36 rows=20 width=807) (actual time=16.436..19.403 rows=0 loops=1)
  ->  Gather Merge  (cost=94521.02..94523.59 rows=22 width=807) (actual time=16.435..19.402 rows=0 loops=1)
        Workers Planned: 2
        Workers Launched: 2
        ->  Sort  (cost=93521.00..93521.03 rows=11 width=807) (actual time=0.396..0.397 rows=0 loops=3)
"              Sort Key: ""Images"".""Id"""
              Sort Method: quicksort  Memory: 25kB
              Worker 0:  Sort Method: quicksort  Memory: 25kB
              Worker 1:  Sort Method: quicksort  Memory: 25kB
              ->  Nested Loop  (cost=188.71..93520.81 rows=11 width=807) (actual time=0.347..0.348 rows=0 loops=3)
                    ->  Nested Loop  (cost=188.27..90564.82 rows=376 width=16) (actual time=0.347..0.348 rows=0 loops=3)
"                          ->  Parallel Bitmap Heap Scan on ""ImageTag""  (cost=187.70..59458.84 rows=6835 width=8) (actual time=0.151..0.184 rows=32 loops=3)"
"                                Recheck Cond: (""TagsName"" = 'tag39999'::text)"
                                Heap Blocks: exact=95
"                                ->  Bitmap Index Scan on ""IX_ImageTag_TagsName""  (cost=0.00..183.60 rows=16404 width=0) (actual time=0.398..0.398 rows=95 loops=1)"
"                                      Index Cond: (""TagsName"" = 'tag39999'::text)"
"                          ->  Index Only Scan using ""PK_ImageTag"" on ""ImageTag"" ""ImageTag_1""  (cost=0.57..4.55 rows=1 width=8) (actual time=0.005..0.005 rows=0 loops=95)"
"                                Index Cond: ((""ImagesId"" = ""ImageTag"".""ImagesId"") AND (""TagsName"" = 'tag40000'::text))"
                                Heap Fetches: 0
"                    ->  Index Scan using ""PK_Images"" on ""Images""  (cost=0.43..7.86 rows=1 width=807) (never executed)"
"                          Index Cond: (""Id"" = ""ImageTag"".""ImagesId"")"
Planning Time: 0.563 ms
Execution Time: 19.514 ms

Limit  (cost=94521.02..94523.36 rows=20 width=807) (actual time=16.128..18.933 rows=0 loops=1)
  ->  Gather Merge  (cost=94521.02..94523.59 rows=22 width=807) (actual time=16.126..18.932 rows=0 loops=1)
        Workers Planned: 2
        Workers Launched: 2
        ->  Sort  (cost=93521.00..93521.03 rows=11 width=807) (actual time=0.381..0.382 rows=0 loops=3)
"              Sort Key: ""Images"".""Id"""
              Sort Method: quicksort  Memory: 25kB
              Worker 0:  Sort Method: quicksort  Memory: 25kB
              Worker 1:  Sort Method: quicksort  Memory: 25kB
              ->  Nested Loop  (cost=188.71..93520.81 rows=11 width=807) (actual time=0.343..0.344 rows=0 loops=3)
                    ->  Nested Loop  (cost=188.27..90564.82 rows=376 width=16) (actual time=0.343..0.343 rows=0 loops=3)
"                          ->  Parallel Bitmap Heap Scan on ""ImageTag""  (cost=187.70..59458.84 rows=6835 width=8) (actual time=0.138..0.171 rows=32 loops=3)"
"                                Recheck Cond: (""TagsName"" = 'tag39999'::text)"
                                Heap Blocks: exact=95
"                                ->  Bitmap Index Scan on ""IX_ImageTag_TagsName""  (cost=0.00..183.60 rows=16404 width=0) (actual time=0.366..0.367 rows=95 loops=1)"
"                                      Index Cond: (""TagsName"" = 'tag39999'::text)"
"                          ->  Index Only Scan using ""PK_ImageTag"" on ""ImageTag"" ""ImageTag_1""  (cost=0.57..4.55 rows=1 width=8) (actual time=0.005..0.005 rows=0 loops=95)"
"                                Index Cond: ((""ImagesId"" = ""ImageTag"".""ImagesId"") AND (""TagsName"" = 'tag40000'::text))"
                                Heap Fetches: 0
"                    ->  Index Scan using ""PK_Images"" on ""Images""  (cost=0.43..7.86 rows=1 width=807) (never executed)"
"                          Index Cond: (""Id"" = ""ImageTag"".""ImagesId"")"
Planning Time: 0.539 ms
Execution Time: 19.040 ms

Limit  (cost=94521.02..94523.36 rows=20 width=807) (actual time=16.214..18.938 rows=0 loops=1)
  ->  Gather Merge  (cost=94521.02..94523.59 rows=22 width=807) (actual time=16.213..18.936 rows=0 loops=1)
        Workers Planned: 2
        Workers Launched: 2
        ->  Sort  (cost=93521.00..93521.03 rows=11 width=807) (actual time=0.452..0.453 rows=0 loops=3)
"              Sort Key: ""Images"".""Id"""
              Sort Method: quicksort  Memory: 25kB
              Worker 0:  Sort Method: quicksort  Memory: 25kB
              Worker 1:  Sort Method: quicksort  Memory: 25kB
              ->  Nested Loop  (cost=188.71..93520.81 rows=11 width=807) (actual time=0.415..0.416 rows=0 loops=3)
                    ->  Nested Loop  (cost=188.27..90564.82 rows=376 width=16) (actual time=0.415..0.416 rows=0 loops=3)
"                          ->  Parallel Bitmap Heap Scan on ""ImageTag""  (cost=187.70..59458.84 rows=6835 width=8) (actual time=0.161..0.203 rows=32 loops=3)"
"                                Recheck Cond: (""TagsName"" = 'tag39999'::text)"
                                Heap Blocks: exact=95
"                                ->  Bitmap Index Scan on ""IX_ImageTag_TagsName""  (cost=0.00..183.60 rows=16404 width=0) (actual time=0.435..0.435 rows=95 loops=1)"
"                                      Index Cond: (""TagsName"" = 'tag39999'::text)"
"                          ->  Index Only Scan using ""PK_ImageTag"" on ""ImageTag"" ""ImageTag_1""  (cost=0.57..4.55 rows=1 width=8) (actual time=0.006..0.006 rows=0 loops=95)"
"                                Index Cond: ((""ImagesId"" = ""ImageTag"".""ImagesId"") AND (""TagsName"" = 'tag40000'::text))"
                                Heap Fetches: 0
"                    ->  Index Scan using ""PK_Images"" on ""Images""  (cost=0.43..7.86 rows=1 width=807) (never executed)"
"                          Index Cond: (""Id"" = ""ImageTag"".""ImagesId"")"
Planning Time: 0.778 ms
Execution Time: 19.059 ms
